[21:15:46] [main/INFO]: ModLauncher running: args [--username, TwTlinmiao, --version, SableRagdoll, --gameDir, D:\Minecraft\Minecraft HMCL\.minecraft\versions\SableRagdoll, --assetsDir, D:\Minecraft\Minecraft HMCL\.minecraft\assets, --assetIndex, 17, --uuid, 5a67daf26ccf4db4ac7a4c78480b89f3, --accessToken, ❄❄❄❄❄❄❄❄, --clientId, ${clientid}, --xuid, ${auth_xuid}, --userType, msa, --versionType, HMCL 3.16.0.348, --width, 1920, --height, 1080, --fml.neoForgeVersion, 21.1.234, --fml.fmlVersion, 4.0.42, --fml.mcVersion, 1.21.1, --fml.neoFormVersion, 20240808.144430, --launchTarget, forgeclient]
[21:15:46] [main/INFO]: JVM identified as Eclipse Adoptium OpenJDK 64-Bit Server VM 21.0.11+10-LTS
[21:15:46] [main/INFO]: ModLauncher 11.0.5+main.901c6ea8 starting: java version 21.0.11 by Eclipse Adoptium; OS Windows 11 arch amd64 version 10.0
[21:15:46] [main/INFO]: Searching for graphics cards...
[21:15:46] [main/INFO]: Found graphics adapter: AdapterInfo{vendor=NVIDIA, description='NVIDIA GeForce RTX 5060 Laptop GPU', adapterType=0x0000231B, openglIcdFilePath='C:\WINDOWS\System32\DriverStore\FileRepository\nvlt.inf_amd64_56eecabb741340fd\nvoglv64.dll', openglIcdVersion=32.0.15.9207}
[21:15:46] [main/WARN]: Sodium has applied one or more workarounds to prevent crashes or other issues on your system: [NVIDIA_THREADED_OPTIMIZATIONS_BROKEN]
[21:15:46] [main/WARN]: This is not necessarily an issue, but it may result in certain features or optimizations being disabled. You can sometimes fix these issues by upgrading your graphics driver.
[21:15:46] [main/INFO]: Modifying process environment to apply workarounds for the NVIDIA graphics driver...
[21:15:46] [main/INFO]: Loading ImmediateWindowProvider fmlearlywindow
[21:15:46] [main/INFO]: Trying GL version 4.6
[21:15:47] [main/INFO]: Requested GL version 4.6 got version 4.6
[21:15:47] [main/INFO]: Loaded CustomSkinLoader Bootstrap transformation service with 3 other service(s)
[21:15:47] [main/INFO]: SpongePowered MIXIN Subsystem Version=0.8.7 Source=union:/D:/Minecraft/Minecraft%20HMCL/.minecraft/libraries/net/fabricmc/sponge-mixin/0.15.2+mixin.0.8.7/sponge-mixin-0.15.2+mixin.0.8.7.jar%23121!/ Service=ModLauncher Env=CLIENT
[21:15:47] [main/INFO]: Initializing CustomSkinLoader Bootstrap transformation service
[21:15:47] [main/INFO]: Initializing customskinloader-locator for official mappings in D:\Minecraft\Minecraft HMCL\.minecraft\versions\SableRagdoll
[21:15:47] [main/INFO]: Releasing CustomSkinLoader Common jar to D:\Minecraft\Minecraft HMCL\.minecraft\versions\SableRagdoll\CustomSkinLoader\Core\CustomSkinLoader-Common.jar
[21:15:47] [pool-2-thread-1/INFO]: GL info: NVIDIA GeForce RTX 5060 Laptop GPU/PCIe/SSE2 GL version 4.6.0 NVIDIA 592.07, NVIDIA Corporation
[21:15:47] [main/INFO]: Initialized customskinloader-locator with mod folder D:\Minecraft\Minecraft HMCL\.minecraft\versions\SableRagdoll\CustomSkinLoader\Core and Common jar D:\Minecraft\Minecraft HMCL\.minecraft\versions\SableRagdoll\CustomSkinLoader\Core\CustomSkinLoader-Common.jar
[21:15:47] [main/INFO]: Found mod file "client-1.21.1-20240808.144430-srg.jar" [locator: production client provider +net.neoforged:neoforge:21.1.234:client]
[21:15:47] [main/INFO]: Found mod file "neoforge-21.1.234-universal.jar" [locator: PathBasedLocator[name=neoforge, paths=[D:\Minecraft\Minecraft HMCL\.minecraft\libraries\net\neoforged\neoforge\21.1.234\neoforge-21.1.234-universal.jar]], reader: mod manifest]
[21:15:47] [main/INFO]: Found mod file "net.caffeinemc.sodium-neoforge-0.8.12+mc1.21.1-mod.jar" [locator: net.caffeinemc.mods.sodium.service.SodiumServiceModLocator@750fe12e, reader: mod manifest]
[21:15:47] [main/INFO]: Found mod file "fabric-rendering-data-attachment-v1-0.3.48+73761d2e19.jar" [locator: net.caffeinemc.mods.sodium.service.SodiumServiceModLocator@750fe12e, reader: mod manifest]
[21:15:47] [main/INFO]: Found mod file "fabric-renderer-api-v1-3.4.1+9125b6dc19.jar" [locator: net.caffeinemc.mods.sodium.service.SodiumServiceModLocator@750fe12e, reader: mod manifest]
[21:15:47] [main/INFO]: Found mod file "fabric-block-view-api-v2-1.0.10+9afaaf8c19.jar" [locator: net.caffeinemc.mods.sodium.service.SodiumServiceModLocator@750fe12e, reader: mod manifest]
[21:15:47] [main/INFO]: Found mod file "fabric-api-base-0.4.42+d1308ded19.jar" [locator: net.caffeinemc.mods.sodium.service.SodiumServiceModLocator@750fe12e, reader: mod manifest]
[21:15:47] [main/INFO]: Found mod file "CustomSkinLoader-Common.jar" [locator: {mods folder locator at D:\Minecraft\Minecraft HMCL\.minecraft\versions\SableRagdoll\CustomSkinLoader\Core}, reader: mod manifest]
[21:15:47] [main/INFO]: Found mod file "artifacts-neoforge-13.2.1.jar" [locator: {mods folder locator at D:\Minecraft\Minecraft HMCL\.minecraft\versions\SableRagdoll\mods}, reader: mod manifest]
[21:15:47] [main/INFO]: Found mod file "cloth-config-15.0.140-neoforge.jar" [locator: {mods folder locator at D:\Minecraft\Minecraft HMCL\.minecraft\versions\SableRagdoll\mods}, reader: mod manifest]
[21:15:47] [main/INFO]: Found mod file "curios-neoforge-9.5.1+1.21.1.jar" [locator: {mods folder locator at D:\Minecraft\Minecraft HMCL\.minecraft\versions\SableRagdoll\mods}, reader: mod manifest]
[21:15:47] [main/INFO]: Found mod file "entity_model_features-3.2.4-1.21-neoforge.jar" [locator: {mods folder locator at D:\Minecraft\Minecraft HMCL\.minecraft\versions\SableRagdoll\mods}, reader: mod manifest]
[21:15:47] [main/INFO]: Found mod file "entity_texture_features_1.21-neoforge-7.1.jar" [locator: {mods folder locator at D:\Minecraft\Minecraft HMCL\.minecraft\versions\SableRagdoll\mods}, reader: mod manifest]
[21:15:47] [main/INFO]: Found mod file "IAS-9.0.7+1.21.1-neoforge.jar" [locator: {mods folder locator at D:\Minecraft\Minecraft HMCL\.minecraft\versions\SableRagdoll\mods}, reader: mod manifest]
[21:15:47] [main/INFO]: Found mod file "iris-neoforge-1.8.14-beta.1+mc1.21.1.jar" [locator: {mods folder locator at D:\Minecraft\Minecraft HMCL\.minecraft\versions\SableRagdoll\mods}, reader: mod manifest]
[21:15:47] [main/INFO]: Found mod file "lightspeed-1.21.1-1.2.0hotfix3.jar" [locator: {mods folder locator at D:\Minecraft\Minecraft HMCL\.minecraft\versions\SableRagdoll\mods}, reader: mod manifest]
[21:15:47] [main/INFO]: Found mod file "nocollide_ragdoll-1.21.1-1.0.0.jar" [locator: {mods folder locator at D:\Minecraft\Minecraft HMCL\.minecraft\versions\SableRagdoll\mods}, reader: mod manifest]
[21:15:47] [main/INFO]: Found mod file "owo-lib-neoforge-0.12.15.5-beta.1+1.21.jar" [locator: {mods folder locator at D:\Minecraft\Minecraft HMCL\.minecraft\versions\SableRagdoll\mods}, reader: mod manifest]
[21:15:47] [main/INFO]: Found mod file "ragdoll_corpse-1.21.1-0.3.0.jar" [locator: {mods folder locator at D:\Minecraft\Minecraft HMCL\.minecraft\versions\SableRagdoll\mods}, reader: mod manifest]
[21:15:47] [main/INFO]: Found mod file "sable-neoforge-1.21.1-2.0.3.jar" [locator: {mods folder locator at D:\Minecraft\Minecraft HMCL\.minecraft\versions\SableRagdoll\mods}, reader: mod manifest]
[21:15:47] [main/INFO]: Found mod file "sable_player_ragdoll-1.21.1-0.7.5fix2.jar" [locator: {mods folder locator at D:\Minecraft\Minecraft HMCL\.minecraft\versions\SableRagdoll\mods}, reader: mod manifest]
[21:15:48] [main/WARN]: Attempted to select a dependency jar for JarJar which was passed in as source: fabric_renderer_api_v1. Using Mod File: 
[21:15:48] [main/WARN]: Attempted to select a dependency jar for JarJar which was passed in as source: fabric_api_base. Using Mod File: 
[21:15:48] [main/WARN]: Attempted to select a dependency jar for JarJar which was passed in as source: fabric_rendering_data_attachment_v1. Using Mod File: 
[21:15:48] [main/WARN]: Attempted to select a dependency jar for JarJar which was passed in as source: fabric_block_view_api_v2. Using Mod File: 
[21:15:48] [main/INFO]: Found 15 dependencies adding them to mods collection
[21:15:48] [main/INFO]: Found gamelibrary file "mixinextras-neoforge-0.5.3.jar" [parent: neoforge-21.1.234-universal.jar, locator: jarinjar, reader: mod manifest]
[21:15:48] [main/INFO]: Found library file "gson-0.1.5.1.jar" [parent: owo-lib-neoforge-0.12.15.5-beta.1+1.21.jar, locator: jarinjar]
[21:15:48] [main/INFO]: Found mod file "veil-neoforge-1.21.1-4.1.4.jar" [parent: sable-neoforge-1.21.1-2.0.3.jar, locator: jarinjar, reader: mod manifest]
[21:15:48] [main/INFO]: Found gamelibrary file "dev.ryanhcode.sable.sable-sable_rapier-1.21.1-2.0.3.jar" [parent: sable-neoforge-1.21.1-2.0.3.jar, locator: jarinjar, reader: mod manifest]
[21:15:48] [main/INFO]: Found library file "glsl-processor-0.2.3.jar" [parent: veil-neoforge-1.21.1-4.1.4.jar, locator: jarinjar]
[21:15:48] [main/INFO]: Found library file "jankson-0.1.5.1.jar" [parent: owo-lib-neoforge-0.12.15.5-beta.1+1.21.jar, locator: jarinjar]
[21:15:48] [main/INFO]: Found library file "net.neoforged.neoforge-coremods-21.1.234.jar" [parent: neoforge-21.1.234-universal.jar, locator: jarinjar, reader: mod manifest]
[21:15:48] [main/INFO]: Found library file "molang-compiler-3.1.1.19.jar" [parent: veil-neoforge-1.21.1-4.1.4.jar, locator: jarinjar]
[21:15:48] [main/INFO]: Found library file "jcpp-1.4.14.jar" [parent: iris-neoforge-1.8.14-beta.1+mc1.21.1.jar, locator: jarinjar]
[21:15:48] [main/INFO]: Found library file "glsl-transformer-3.0.0-pre3.jar" [parent: iris-neoforge-1.8.14-beta.1+mc1.21.1.jar, locator: jarinjar]
[21:15:48] [main/INFO]: Found mod file "expandability-neoforge-12.0.0.jar" [parent: artifacts-neoforge-13.2.1.jar, locator: jarinjar, reader: mod manifest]
[21:15:48] [main/INFO]: Found mod file "sable-companion-common-1.21.1-1.6.0.jar" [parent: sable-neoforge-1.21.1-2.0.3.jar, locator: jarinjar, reader: mod manifest]
[21:15:48] [main/INFO]: Found library file "netty-0.1.4.1.jar" [parent: owo-lib-neoforge-0.12.15.5-beta.1+1.21.jar, locator: jarinjar]
[21:15:48] [main/INFO]: Found library file "endec-0.1.8.1.jar" [parent: owo-lib-neoforge-0.12.15.5-beta.1+1.21.jar, locator: jarinjar]
[21:15:48] [main/INFO]: Found library file "jankson-1.2.2.jar" [parent: owo-lib-neoforge-0.12.15.5-beta.1+1.21.jar, locator: jarinjar]
[21:15:48] [main/INFO]: 
     Mod List:
		Name Version (Mod Id)

		Artifacts 13.2.1 (artifacts)
		Cloth Config v15 API 15.0.140 (cloth_config)
		Curios API 9.5.1+1.21.1 (curios)
		CustomSkinLoader 15.0.1 (customskinloader)
		Entity Model Features 3.2.4 (entity_model_features)
		Entity Texture Features 7.1 (entity_texture_features)
		ExpandAbility 12.0.0 (expandability)
		Forgified Fabric API Base 0.4.42+d1308ded19 (fabric_api_base)
		Forgified Fabric BlockView API (v2) 1.0.10+9afaaf8c19 (fabric_block_view_api_v2)
		Forgified Fabric Renderer API (v1) 3.4.1+9125b6dc19 (fabric_renderer_api_v1)
		Forgified Fabric Rendering Data Attachment (v1) 0.3.48+73761d2e19 (fabric_rendering_data_attachment_v1)
		In-Game Account Switcher 9.0.7+1.21.1-neoforge (ias)
		Iris 1.8.14-beta.1+mc1.21.1 (iris)
		Lightspeed 1.21.1-1.2.0hotfix3 (lightspeed)
		Minecraft 1.21.1 (minecraft)
		NeoForge 21.1.234 (neoforge)
		No-Collide Ragdolls 1.0.0 (nocollide_ragdoll)
		oωo 0.12.15.5-beta.1+1.21 (owo)
		Sable 2.0.3 (sable)
		Sable Companion 1.6.0 (sablecompanion)
		Sable Ragdolls 0.7.5 (sable_player_ragdoll)
		Sable: Ragdoll Corpse 0.3.0 (ragdoll_corpse)
		Sodium 0.8.12+mc1.21.1 (sodium)
		Veil 4.1.4 (veil)
[21:15:48] [main/INFO]: Loaded 4 CustomSkinLoader bootstrap transformer(s) for official mappings
[21:15:48] [main/INFO]: Loading CustomSkinLoader bootstrap mappings for official
[21:15:48] [main/INFO]: Loaded 2 CustomSkinLoader bootstrap class mapping(s) for official
[21:15:48] [main/INFO]: Collected 12 CustomSkinLoader bootstrap target class(es) for official mappings
[21:15:48] [main/INFO]: Provided 12 CustomSkinLoader ModLauncher transformer(s)
[21:15:48] [main/INFO]: Compatibility level set to JAVA_17
[21:15:48] [main/INFO]: Compatibility level set to JAVA_21
[21:15:48] [main/INFO]: Launching target 'forgeclient' with arguments [--version, SableRagdoll, --gameDir, D:\Minecraft\Minecraft HMCL\.minecraft\versions\SableRagdoll, --assetsDir, D:\Minecraft\Minecraft HMCL\.minecraft\assets, --uuid, 5a67daf26ccf4db4ac7a4c78480b89f3, --username, TwTlinmiao, --assetIndex, 17, --accessToken, ❄❄❄❄❄❄❄❄, --clientId, ${clientid}, --xuid, ${auth_xuid}, --userType, msa, --versionType, HMCL 3.16.0.348, --width, 1920, --height, 1080]
[21:15:48] [main/INFO]: Using Sodium renderer mixins
[21:15:48] [main/INFO]: Using Sodium renderer mixins
[21:15:48] [main/WARN]: Reference map 'curios.refmap.json' for curios.neoforge.mixins.json could not be read. If this is a development environment you can ignore this message
[21:15:48] [main/WARN]: Reference map 'curios.refmap.json' for curios.mixins.json could not be read. If this is a development environment you can ignore this message
[21:15:48] [main/WARN]: Reference map 'iris.refmap.json' for mixins.iris.json could not be read. If this is a development environment you can ignore this message
[21:15:48] [main/WARN]: Reference map 'iris.refmap.json' for mixins.iris.fantastic.json could not be read. If this is a development environment you can ignore this message
[21:15:48] [main/WARN]: Reference map 'iris.refmap.json' for mixins.iris.vertexformat.json could not be read. If this is a development environment you can ignore this message
[21:15:48] [main/WARN]: Reference map 'iris.refmap.json' for iris-batched-entity-rendering.mixins.json could not be read. If this is a development environment you can ignore this message
[21:15:48] [main/WARN]: Reference map 'iris.refmap.json' for mixins.iris.compat.sodium.json could not be read. If this is a development environment you can ignore this message
[21:15:48] [main/WARN]: Reference map 'sable_player_ragdoll.refmap.json' for sable_player_ragdoll.mixins.json could not be read. If this is a development environment you can ignore this message
[21:15:48] [main/WARN]: Reference map 'sable_player_ragdoll.refmap.json' for sable_player_ragdoll.neoforge.mixins.json could not be read. If this is a development environment you can ignore this message
[21:15:48] [main/INFO]: Loaded configuration file for Sodium: 45 options available, 1 override(s) found
[21:15:48] [main/INFO]: Transformed net/minecraft/client/renderer/entity/player/PlayerRenderer with [customskinloader:render-patch]
[21:15:48] [main/INFO]: Transformed ModLauncher target net/minecraft/client/renderer/entity/player/PlayerRenderer with [customskinloader:render-patch]
[21:15:48] [main/INFO]: Transformed net/minecraft/resources/ResourceLocation with [customskinloader:interface-patch]
[21:15:48] [main/INFO]: Transformed ModLauncher target net/minecraft/resources/ResourceLocation with [customskinloader:interface-patch]
[21:15:48] [main/WARN]: Error loading class: net/raphimc/immediatelyfast/feature/core/BatchableBufferSource (java.lang.ClassNotFoundException: net.raphimc.immediatelyfast.feature.core.BatchableBufferSource)
[21:15:48] [main/WARN]: Error loading class: dev/tr7zw/skinlayers/render/CustomizableModelPart (java.lang.ClassNotFoundException: dev.tr7zw.skinlayers.render.CustomizableModelPart)
[21:15:48] [main/INFO]: Transformed net/minecraft/client/renderer/texture/HttpTexture with [customskinloader:skin-texture-patch]
[21:15:48] [main/INFO]: Transformed ModLauncher target net/minecraft/client/renderer/texture/HttpTexture with [customskinloader:skin-texture-patch]
[21:15:49] [main/INFO]: Transformed net/minecraft/client/renderer/entity/layers/CapeLayer with [customskinloader:render-patch]
[21:15:49] [main/INFO]: Transformed ModLauncher target net/minecraft/client/renderer/entity/layers/CapeLayer with [customskinloader:render-patch]
[21:15:49] [main/WARN]: Error loading class: com/portingdeadmods/cable_facades/events/GameClientEvents$2 (java.lang.ClassNotFoundException: com.portingdeadmods.cable_facades.events.GameClientEvents$2)
[21:15:49] [main/WARN]: Error loading class: com/direwolf20/justdirethings/client/renderers/OurRenderTypes (java.lang.ClassNotFoundException: com.direwolf20.justdirethings.client.renderers.OurRenderTypes)
[21:15:49] [main/WARN]: Error loading class: mekanism/client/render/entity/RenderFlame (java.lang.ClassNotFoundException: mekanism.client.render.entity.RenderFlame)
[21:15:49] [main/WARN]: Error loading class: mekanism/client/render/armor/MekaSuitArmor (java.lang.ClassNotFoundException: mekanism.client.render.armor.MekaSuitArmor)
[21:15:49] [main/WARN]: Error loading class: mekanism/client/render/lib/effect/BillboardingEffectRenderer (java.lang.ClassNotFoundException: mekanism.client.render.lib.effect.BillboardingEffectRenderer)
[21:15:49] [main/WARN]: Error loading class: blusunrize/immersiveengineering/client/utils/IEGLShaders (java.lang.ClassNotFoundException: blusunrize.immersiveengineering.client.utils.IEGLShaders)
[21:15:49] [main/INFO]: Transformed com/mojang/blaze3d/platform/NativeImage with [customskinloader:interface-patch]
[21:15:49] [main/INFO]: Transformed ModLauncher target com/mojang/blaze3d/platform/NativeImage with [customskinloader:interface-patch]
[21:15:49] [main/WARN]: Force-disabling mixin 'features.render.world.sky.ClientLevelMixin' as rule 'mixin.features.render.world.sky' (added by mods [iris]) disables it and children
[21:15:49] [main/WARN]: Force-disabling mixin 'features.render.world.sky.FogRendererMixin' as rule 'mixin.features.render.world.sky' (added by mods [iris]) disables it and children
[21:15:49] [main/WARN]: Force-disabling mixin 'features.render.world.sky.LevelRendererMixin' as rule 'mixin.features.render.world.sky' (added by mods [iris]) disables it and children
[21:15:49] [main/WARN]: Error loading class: org/jetbrains/annotations/ApiStatus$Internal (java.lang.ClassNotFoundException: org.jetbrains.annotations.ApiStatus$Internal)
[21:15:49] [main/INFO]: Initializing MixinExtras via com.llamalad7.mixinextras.service.MixinExtrasServiceImpl(version=0.5.3).
[117月2026 21:15:50.160] [main/INFO] [CustomSkinLoader Bootstrap/]: Transformed net/minecraft/resources/ResourceLocation with [customskinloader:interface-patch]
[117月2026 21:15:50.160] [main/INFO] [CustomSkinLoader Bootstrap/]: Transformed ModLauncher target net/minecraft/resources/ResourceLocation with [customskinloader:interface-patch]
[117月2026 21:15:50.276] [main/INFO] [CustomSkinLoader Bootstrap/]: Transformed net/minecraft/server/packs/resources/ResourceManager with [customskinloader:interface-patch]
[117月2026 21:15:50.276] [main/INFO] [CustomSkinLoader Bootstrap/]: Transformed ModLauncher target net/minecraft/server/packs/resources/ResourceManager with [customskinloader:interface-patch]
[117月2026 21:15:51.706] [Datafixer Bootstrap/INFO] [com.mojang.datafixers.DataFixerBuilder/]: 229 Datafixer optimizations took 253 milliseconds
[117月2026 21:15:55.799] [Render thread/WARN] [net.minecraft.server.packs.VanillaPackResourcesBuilder/]: Assets URL 'union:/D:/Minecraft/Minecraft%20HMCL/.minecraft/libraries/net/minecraft/client/1.21.1-20240808.144430/client-1.21.1-20240808.144430-srg.jar%23205!/assets/.mcassetsroot' uses unexpected schema
[117月2026 21:15:55.800] [Render thread/WARN] [net.minecraft.server.packs.VanillaPackResourcesBuilder/]: Assets URL 'union:/D:/Minecraft/Minecraft%20HMCL/.minecraft/libraries/net/minecraft/client/1.21.1-20240808.144430/client-1.21.1-20240808.144430-srg.jar%23205!/data/.mcassetsroot' uses unexpected schema
[117月2026 21:15:55.853] [Render thread/INFO] [com.mojang.authlib.yggdrasil.YggdrasilAuthenticationService/]: Environment: Environment[sessionHost=https://sessionserver.mojang.com, servicesHost=https://api.minecraftservices.com, name=PROD]
[117月2026 21:15:55.861] [Render thread/INFO] [net.minecraft.client.Minecraft/]: Setting user: TwTlinmiao
[117月2026 21:15:55.974] [Render thread/INFO] [net.minecraft.client.Minecraft/]: Backend library: LWJGL version 3.3.3+5
[117月2026 21:15:56.005] [Render thread/INFO] [com.mojang.blaze3d.platform.Window/]: OpenGL Vendor: NVIDIA Corporation
[117月2026 21:15:56.005] [Render thread/INFO] [com.mojang.blaze3d.platform.Window/]: OpenGL Renderer: NVIDIA GeForce RTX 5060 Laptop GPU/PCIe/SSE2
[117月2026 21:15:56.005] [Render thread/INFO] [com.mojang.blaze3d.platform.Window/]: OpenGL Version: 4.6.0 NVIDIA 592.07
[117月2026 21:15:56.006] [Render thread/INFO] [Sodium-NvidiaWorkarounds/]: Modifying OpenGL context to apply workarounds for the NVIDIA graphics driver...
[117月2026 21:15:56.007] [Render thread/INFO] [Sodium-NvidiaWorkarounds/]: Enabling GL_DEBUG_OUTPUT_SYNCHRONOUS to force the NVIDIA driver to disable threaded command submission
[117月2026 21:15:56.116] [Render thread/INFO] [CustomSkinLoader Bootstrap/]: Transformed com/mojang/blaze3d/platform/NativeImage with [customskinloader:interface-patch]
[117月2026 21:15:56.116] [Render thread/INFO] [CustomSkinLoader Bootstrap/]: Transformed ModLauncher target com/mojang/blaze3d/platform/NativeImage with [customskinloader:interface-patch]
[117月2026 21:15:56.208] [Render thread/INFO] [Iris/]: Debug functionality is disabled.
[117月2026 21:15:56.210] [Render thread/INFO] [Iris/]: OpenGL 4.5 detected, enabling DSA.
[117月2026 21:15:56.451] [Render thread/INFO] [Iris/]: Profile: HIGH (+0 options changed by user)
[117月2026 21:15:57.057] [Render thread/INFO] [Iris/]: Using shaderpack: ComplementaryReimagined_r5.8.1.zip
[117月2026 21:15:57.100] [Render thread/INFO] [CustomSkinLoader Bootstrap/]: Transformed net/minecraft/server/packs/resources/ResourceManager with [customskinloader:interface-patch]
[117月2026 21:15:57.100] [Render thread/INFO] [CustomSkinLoader Bootstrap/]: Transformed ModLauncher target net/minecraft/server/packs/resources/ResourceManager with [customskinloader:interface-patch]
[117月2026 21:15:57.233] [modloading-worker-0/INFO] [Veil/]: Veil is initializing.
[117月2026 21:15:57.233] [modloading-worker-0/INFO] [Entity Texture Features/]: Loading Entity Texture Features, ,serutaeF erutxeT ytitnE gnidoaL
[117月2026 21:15:57.234] [modloading-worker-0/INFO] [be.florens.expandability.ExpandAbility/]: ExpandAbility here, who dis?
[117月2026 21:15:57.253] [modloading-worker-0/INFO] [Entity Texture Features/]: [ETF]: Modifying ETF Render State constructor because: for EMF
[117月2026 21:15:57.253] [modloading-worker-0/INFO] [traben.entity_model_features.EMF/]: Loading Entity Model Features, is this 'EPF' in the room with us now?
[117月2026 21:15:57.263] [modloading-worker-0/INFO] [IAS/IASMinecraft/]: IAS: Booting up... (version: 9.0.7+1.21.1-neoforge, loader: NeoForge, loader version: 21.1.234, game version: 1.21.1)
[117月2026 21:15:57.269] [modloading-worker-0/INFO] [owo/]: as a based person once said: it doesn't have to be balanced unless you're making a pvp focused mod
[117月2026 21:15:57.270] [modloading-worker-0/INFO] [IAS/]: IAS: Initializing IAS...
[117月2026 21:15:57.294] [modloading-worker-0/INFO] [IAS/]: IAS: IAS has been loaded.
[117月2026 21:15:57.326] [modloading-worker-0/INFO] [net.neoforged.neoforge.common.NeoForgeMod/NEOFORGE-MOD]: NeoForge mod loading, version 21.1.234, for MC 1.21.1
[117月2026 21:15:57.560] [modloading-worker-0/INFO] [dev.ryanhcode.sable.Sable/]: Sable loaded!
[117月2026 21:15:57.638] [modloading-worker-0/INFO] [Entity Texture Features/]: [ETF]: 6 new ETF Random Properties registered by entity_model_features
[117月2026 21:15:58.263] [ForkJoinPool.commonPool-worker-3/WARN] [Iris/]: [Iris Update Check] This version doesn't have an update index, skipping.
[117月2026 21:15:58.949] [Render thread/WARN] [net.minecraft.client.Options/]: Removed resource pack fabric from options because it doesn't seem to exist anymore
[117月2026 21:15:58.958] [Render thread/INFO] [CustomSkinLoader Bootstrap/]: Transformed net/minecraft/server/packs/resources/Resource with [customskinloader:interface-patch]
[117月2026 21:15:58.958] [Render thread/INFO] [CustomSkinLoader Bootstrap/]: Transformed ModLauncher target net/minecraft/server/packs/resources/Resource with [customskinloader:interface-patch]
[117月2026 21:15:58.965] [Render thread/INFO] [CustomSkinLoader Bootstrap/]: Transformed net/minecraft/client/resources/SkinManager with [customskinloader:skin-manager-patch]
[117月2026 21:15:58.965] [Render thread/INFO] [CustomSkinLoader Bootstrap/]: Transformed ModLauncher target net/minecraft/client/resources/SkinManager with [customskinloader:skin-manager-patch]
[117月2026 21:15:58.966] [Render thread/INFO] [CustomSkinLoader Bootstrap/]: Transformed net/minecraft/client/resources/SkinManager$1 with [customskinloader:skin-manager-patch]
[117月2026 21:15:58.966] [Render thread/INFO] [CustomSkinLoader Bootstrap/]: Transformed ModLauncher target net/minecraft/client/resources/SkinManager$1 with [customskinloader:skin-manager-patch]
[117月2026 21:15:58.968] [Render thread/INFO] [CustomSkinLoader Bootstrap/]: Transformed net/minecraft/client/resources/SkinManager$TextureCache with [customskinloader:skin-manager-patch]
[117月2026 21:15:58.968] [Render thread/INFO] [CustomSkinLoader Bootstrap/]: Transformed ModLauncher target net/minecraft/client/resources/SkinManager$TextureCache with [customskinloader:skin-manager-patch]
[117月2026 21:15:58.968] [Render thread/INFO] [CustomSkinLoader Bootstrap/]: Transformed net/minecraft/client/renderer/texture/HttpTexture with [customskinloader:skin-texture-patch]
[117月2026 21:15:58.968] [Render thread/INFO] [CustomSkinLoader Bootstrap/]: Transformed ModLauncher target net/minecraft/client/renderer/texture/HttpTexture with [customskinloader:skin-texture-patch]
[117月2026 21:15:59.246] [Render thread/INFO] [Veil/]: GL Debug supported
[117月2026 21:15:59.440] [Render thread/INFO] [Iris/]: Hardware information:
[117月2026 21:15:59.440] [Render thread/INFO] [Iris/]: CPU: 18x Intel(R) Core(TM) Ultra 7 251HX
[117月2026 21:15:59.440] [Render thread/INFO] [Iris/]: GPU: NVIDIA GeForce RTX 5060 Laptop GPU/PCIe/SSE2 (Supports OpenGL 4.6.0 NVIDIA 592.07)
[117月2026 21:15:59.440] [Render thread/INFO] [Iris/]: OS: Windows 11 (10.0)
[117月2026 21:15:59.528] [Render thread/INFO] [CustomSkinLoader Bootstrap/]: Transformed net/minecraft/client/gui/components/PlayerTabOverlay with [customskinloader:render-patch]
[117月2026 21:15:59.528] [Render thread/INFO] [CustomSkinLoader Bootstrap/]: Transformed ModLauncher target net/minecraft/client/gui/components/PlayerTabOverlay with [customskinloader:render-patch]
[117月2026 21:15:59.669] [Render thread/INFO] [CustomSkinLoader Bootstrap/]: Transformed net/minecraft/client/renderer/entity/player/PlayerRenderer with [customskinloader:render-patch]
[117月2026 21:15:59.669] [Render thread/INFO] [CustomSkinLoader Bootstrap/]: Transformed ModLauncher target net/minecraft/client/renderer/entity/player/PlayerRenderer with [customskinloader:render-patch]
[117月2026 21:15:59.821] [Render thread/INFO] [CustomSkinLoader Bootstrap/]: Transformed net/minecraft/client/resources/SkinManager with [customskinloader:skin-manager-patch]
[117月2026 21:15:59.821] [Render thread/INFO] [CustomSkinLoader Bootstrap/]: Transformed ModLauncher target net/minecraft/client/resources/SkinManager with [customskinloader:skin-manager-patch]
[117月2026 21:15:59.869] [Render thread/INFO] [CustomSkinLoader Bootstrap/]: Transformed net/minecraft/server/packs/resources/Resource with [customskinloader:interface-patch]
[117月2026 21:15:59.869] [Render thread/INFO] [CustomSkinLoader Bootstrap/]: Transformed ModLauncher target net/minecraft/server/packs/resources/Resource with [customskinloader:interface-patch]
[117月2026 21:15:59.929] [Render thread/INFO] [net.minecraft.server.packs.resources.ReloadableResourceManager/]: Reloading ResourceManager: vanilla, mod_resources, mod/sodium, mod/entity_model_features, mod/entity_texture_features, mod/fabric_api_base, mod/fabric_renderer_api_v1, mod/owo, mod/customskinloader, mod/sable, mod/lightspeed, mod/curios, mod/sablecompanion, mod/ias, mod/neoforge, mod/artifacts, mod/fabric_block_view_api_v2, mod/iris, mod/veil, mod/sable_player_ragdoll, mod/ragdoll_corpse, mod/nocollide_ragdoll, mod/fabric_rendering_data_attachment_v1, mod/cloth_config, mod/expandability, file/FA+Player-v1.1.zip, file/FA+Player_Expressions-v1.2.zip
[117月2026 21:15:59.963] [NeoForge Version Check/INFO] [net.neoforged.fml.VersionChecker/]: [ias] Starting version check at https://raw.githubusercontent.com/The-Fireplace-Minecraft-Mods/In-Game-Account-Switcher/main/updater-neoforge.json
[117月2026 21:16:00.077] [Worker-Main-16/INFO] [net.minecraft.client.gui.font.providers.UnihexProvider/]: Found unifont_all_no_pua-15.1.05.hex, loading
[117月2026 21:16:00.268] [Render thread/INFO] [sable_player_ragdoll/]: [sable_player_ragdoll] post-physics ragdoll hook registered
[117月2026 21:16:00.278] [Worker-Main-5/INFO] [net.minecraft.client.gui.font.providers.UnihexProvider/]: Found unifont_jp_patch-15.1.05.hex, loading
[117月2026 21:16:00.625] [NeoForge Version Check/INFO] [net.neoforged.fml.VersionChecker/]: [ias] Found status: AHEAD Current: 9.0.7+1.21.1-neoforge Target: null
[117月2026 21:16:00.676] [Worker-Main-4/WARN] [net.minecraft.client.resources.model.BlockStateModelLoader/]: Exception loading blockstate definition: 'sable_player_ragdoll:blockstates/ragdoll_seat.json' missing model for variant: 'sable_player_ragdoll:ragdoll_seat#'
[117月2026 21:16:01.276] [Render thread/INFO] [Veil/]: Loaded 0 shader modifications
[117月2026 21:16:01.446] [Render thread/INFO] [Veil/]: Loaded 17 shaders from: pinwheel/shaders/program
[117月2026 21:16:01.649] [Render thread/WARN] [net.minecraft.client.sounds.SoundEngine/]: Missing sound for event: minecraft:item.goat_horn.play
[117月2026 21:16:01.649] [Render thread/WARN] [net.minecraft.client.sounds.SoundEngine/]: Missing sound for event: minecraft:entity.goat.screaming.horn_break
[117月2026 21:16:01.899] [Render thread/INFO] [com.mojang.blaze3d.audio.Library/]: OpenAL initialized on device OpenAL Soft on 扬声器 (Realtek(R) Audio)
[117月2026 21:16:01.899] [Render thread/INFO] [net.minecraft.client.sounds.SoundEngine/SOUNDS]: Sound engine started
[117月2026 21:16:01.986] [Render thread/INFO] [net.minecraft.client.renderer.texture.TextureAtlas/]: Created: 1024x512x4 minecraft:textures/atlas/blocks.png-atlas
[117月2026 21:16:02.001] [Render thread/INFO] [net.minecraft.client.renderer.texture.TextureAtlas/]: Created: 256x256x4 minecraft:textures/atlas/signs.png-atlas
[117月2026 21:16:02.001] [Render thread/INFO] [net.minecraft.client.renderer.texture.TextureAtlas/]: Created: 512x512x4 minecraft:textures/atlas/shield_patterns.png-atlas
[117月2026 21:16:02.002] [Render thread/INFO] [net.minecraft.client.renderer.texture.TextureAtlas/]: Created: 512x512x4 minecraft:textures/atlas/banner_patterns.png-atlas
[117月2026 21:16:02.003] [Render thread/INFO] [net.minecraft.client.renderer.texture.TextureAtlas/]: Created: 1024x1024x4 minecraft:textures/atlas/armor_trims.png-atlas
[117月2026 21:16:02.007] [Render thread/INFO] [net.minecraft.client.renderer.texture.TextureAtlas/]: Created: 256x256x4 minecraft:textures/atlas/chest.png-atlas
[117月2026 21:16:02.007] [Render thread/INFO] [net.minecraft.client.renderer.texture.TextureAtlas/]: Created: 128x64x4 minecraft:textures/atlas/decorated_pot.png-atlas
[117月2026 21:16:02.008] [Render thread/INFO] [net.minecraft.client.renderer.texture.TextureAtlas/]: Created: 512x256x4 minecraft:textures/atlas/beds.png-atlas
[117月2026 21:16:02.008] [Render thread/INFO] [net.minecraft.client.renderer.texture.TextureAtlas/]: Created: 512x256x4 minecraft:textures/atlas/shulker_boxes.png-atlas
[117月2026 21:16:02.765] [Render thread/INFO] [CustomSkinLoader Bootstrap/]: Transformed net/minecraft/client/renderer/entity/layers/CapeLayer with [customskinloader:render-patch]
[117月2026 21:16:02.765] [Render thread/INFO] [CustomSkinLoader Bootstrap/]: Transformed ModLauncher target net/minecraft/client/renderer/entity/layers/CapeLayer with [customskinloader:render-patch]
[117月2026 21:16:03.083] [Render thread/INFO] [net.minecraft.client.renderer.texture.TextureAtlas/]: Created: 512x256x0 minecraft:textures/atlas/particles.png-atlas
[117月2026 21:16:03.085] [Render thread/INFO] [net.minecraft.client.renderer.texture.TextureAtlas/]: Created: 512x256x0 minecraft:textures/atlas/paintings.png-atlas
[117月2026 21:16:03.086] [Render thread/INFO] [net.minecraft.client.renderer.texture.TextureAtlas/]: Created: 256x128x0 minecraft:textures/atlas/mob_effects.png-atlas
[117月2026 21:16:03.086] [Render thread/INFO] [net.minecraft.client.renderer.texture.TextureAtlas/]: Created: 64x64x0 minecraft:textures/atlas/map_decorations.png-atlas
[117月2026 21:16:03.086] [Render thread/INFO] [net.minecraft.client.renderer.texture.TextureAtlas/]: Created: 1024x512x0 minecraft:textures/atlas/gui.png-atlas
[117月2026 21:16:03.113] [Render thread/WARN] [net.minecraft.client.renderer.ShaderInstance/]: Shader rendertype_entity_translucent_emissive could not find sampler named Sampler2 in the specified shader program.
[117月2026 21:16:03.206] [Render thread/INFO] [net.neoforged.neoforge.client.entity.animation.json.AnimationLoader/]: Loaded 0 entity animations
[117月2026 21:16:03.207] [Render thread/INFO] [Veil/]: Loaded 2 framebuffers
[117月2026 21:16:03.219] [Render thread/INFO] [Veil/]: Loaded 3 post pipelines
[117月2026 21:16:03.224] [Render thread/INFO] [Veil/]: Loaded 4 render types
[117月2026 21:16:03.225] [Render thread/INFO] [Veil/]: Enabled bloom pipeline
[117月2026 21:16:03.226] [Render thread/INFO] [Veil/]: Loaded 0 quasar particles
[117月2026 21:16:03.226] [Render thread/INFO] [Veil/]: Loaded 0 templates
[117月2026 21:16:03.226] [Render thread/INFO] [Veil/]: Loaded 0 modules
[117月2026 21:16:03.229] [Render thread/INFO] [Entity Texture Features/]: [ETF]: reloading ETF data.
[117月2026 21:16:03.233] [Render thread/INFO] [Entity Texture Features/]: [ETF]: emissive suffixes loaded: [_e]
[117月2026 21:16:03.237] [Render thread/INFO] [Entity Texture Features/]: [ETF]: emissive suffixes loaded: [_e]
[117月2026 21:16:03.290] [Render thread/INFO] [Iris/]: Creating pipeline for dimension minecraft:overworld
[117月2026 21:16:03.347] [Render thread/WARN] [Iris/]: Failed to resolve uniform inPaleGarden, reason: Unknown variable: BIOME_PALE_GARDEN ( = FunctionCall{smooth {[Number{54}, FunctionCall{if {[FunctionCall{in {[Id{biome}, Id{BIOME_PALE_GARDEN}]} }, Number{1}, Number{0}]} }, Number{15}, Number{15}]} })
java.lang.RuntimeException: Unknown variable: BIOME_PALE_GARDEN
	at TRANSFORMER/iris@1.8.14-beta.1+mc1.21.1/kroppeb.stareval.resolver.ExpressionResolver.resolveExpressionInternal(ExpressionResolver.java:225) ~[iris-neoforge-1.8.14-beta.1+mc1.21.1.jar%23219!/:?]
	at TRANSFORMER/iris@1.8.14-beta.1+mc1.21.1/kroppeb.stareval.resolver.ExpressionResolver.resolveCallExpressionInternal(ExpressionResolver.java:81) ~[iris-neoforge-1.8.14-beta.1+mc1.21.1.jar%23219!/:?]
	at TRANSFORMER/iris@1.8.14-beta.1+mc1.21.1/kroppeb.stareval.resolver.ExpressionResolver.resolveCallExpression(ExpressionResolver.java:140) ~[iris-neoforge-1.8.14-beta.1+mc1.21.1.jar%23219!/:?]
	at TRANSFORMER/iris@1.8.14-beta.1+mc1.21.1/kroppeb.stareval.resolver.ExpressionResolver.resolveExpressionInternal(ExpressionResolver.java:196) ~[iris-neoforge-1.8.14-beta.1+mc1.21.1.jar%23219!/:?]
	at TRANSFORMER/iris@1.8.14-beta.1+mc1.21.1/kroppeb.stareval.resolver.ExpressionResolver.resolveCallExpressionInternal(ExpressionResolver.java:81) ~[iris-neoforge-1.8.14-beta.1+mc1.21.1.jar%23219!/:?]
	at TRANSFORMER/iris@1.8.14-beta.1+mc1.21.1/kroppeb.stareval.resolver.ExpressionResolver.resolveCallExpression(ExpressionResolver.java:140) ~[iris-neoforge-1.8.14-beta.1+mc1.21.1.jar%23219!/:?]
	at TRANSFORMER/iris@1.8.14-beta.1+mc1.21.1/kroppeb.stareval.resolver.ExpressionResolver.resolveCallExpression(ExpressionResolver.java:127) ~[iris-neoforge-1.8.14-beta.1+mc1.21.1.jar%23219!/:?]
	at TRANSFORMER/iris@1.8.14-beta.1+mc1.21.1/kroppeb.stareval.resolver.ExpressionResolver.resolveExpressionInternal(ExpressionResolver.java:196) ~[iris-neoforge-1.8.14-beta.1+mc1.21.1.jar%23219!/:?]
	at TRANSFORMER/iris@1.8.14-beta.1+mc1.21.1/kroppeb.stareval.resolver.ExpressionResolver.resolveCallExpressionInternal(ExpressionResolver.java:81) ~[iris-neoforge-1.8.14-beta.1+mc1.21.1.jar%23219!/:?]
	at TRANSFORMER/iris@1.8.14-beta.1+mc1.21.1/kroppeb.stareval.resolver.ExpressionResolver.resolveCallExpression(ExpressionResolver.java:140) ~[iris-neoforge-1.8.14-beta.1+mc1.21.1.jar%23219!/:?]
	at TRANSFORMER/iris@1.8.14-beta.1+mc1.21.1/kroppeb.stareval.resolver.ExpressionResolver.resolveExpressionInternal(ExpressionResolver.java:196) ~[iris-neoforge-1.8.14-beta.1+mc1.21.1.jar%23219!/:?]
	at TRANSFORMER/iris@1.8.14-beta.1+mc1.21.1/kroppeb.stareval.resolver.ExpressionResolver.resolveExpression(ExpressionResolver.java:50) ~[iris-neoforge-1.8.14-beta.1+mc1.21.1.jar%23219!/:?]
	at TRANSFORMER/iris@1.8.14-beta.1+mc1.21.1/net.irisshaders.iris.uniforms.custom.CustomUniforms.<init>(CustomUniforms.java:60) ~[iris-neoforge-1.8.14-beta.1+mc1.21.1.jar%23219!/:?]
	at TRANSFORMER/iris@1.8.14-beta.1+mc1.21.1/net.irisshaders.iris.uniforms.custom.CustomUniforms$Builder.build(CustomUniforms.java:332) ~[iris-neoforge-1.8.14-beta.1+mc1.21.1.jar%23219!/:?]
	at TRANSFORMER/iris@1.8.14-beta.1+mc1.21.1/net.irisshaders.iris.uniforms.custom.CustomUniforms$Builder.build(CustomUniforms.java:343) ~[iris-neoforge-1.8.14-beta.1+mc1.21.1.jar%23219!/:?]
	at TRANSFORMER/iris@1.8.14-beta.1+mc1.21.1/net.irisshaders.iris.pipeline.IrisRenderingPipeline.<init>(IrisRenderingPipeline.java:282) ~[iris-neoforge-1.8.14-beta.1+mc1.21.1.jar%23219!/:?]
	at TRANSFORMER/iris@1.8.14-beta.1+mc1.21.1/net.irisshaders.iris.Iris.createPipeline(Iris.java:642) ~[iris-neoforge-1.8.14-beta.1+mc1.21.1.jar%23219!/:?]
	at TRANSFORMER/iris@1.8.14-beta.1+mc1.21.1/net.irisshaders.iris.pipeline.PipelineManager.preparePipeline(PipelineManager.java:33) ~[iris-neoforge-1.8.14-beta.1+mc1.21.1.jar%23219!/:?]
	at TRANSFORMER/iris@1.8.14-beta.1+mc1.21.1/net.irisshaders.iris.Iris.onLoadingComplete(Iris.java:152) ~[iris-neoforge-1.8.14-beta.1+mc1.21.1.jar%23219!/:?]
	at TRANSFORMER/minecraft@1.21.1/net.minecraft.client.gui.screens.TitleScreen.handler$bhb000$iris$firstInit(TitleScreen.java:525) ~[client-1.21.1-20240808.144430-srg.jar%23205!/:?]
	at TRANSFORMER/minecraft@1.21.1/net.minecraft.client.gui.screens.TitleScreen.init(TitleScreen.java:157) ~[client-1.21.1-20240808.144430-srg.jar%23205!/:?]
	at TRANSFORMER/minecraft@1.21.1/net.minecraft.client.gui.screens.Screen.init(Screen.java:317) ~[client-1.21.1-20240808.144430-srg.jar%23205!/:?]
	at TRANSFORMER/minecraft@1.21.1/net.minecraft.client.Minecraft.setScreen(Minecraft.java:1057) ~[client-1.21.1-20240808.144430-srg.jar%23205!/:?]
	at TRANSFORMER/minecraft@1.21.1/net.minecraft.client.Minecraft.lambda$buildInitialScreens$9(Minecraft.java:664) ~[client-1.21.1-20240808.144430-srg.jar%23205!/:?]
	at TRANSFORMER/minecraft@1.21.1/net.minecraft.client.Minecraft.onGameLoadFinished(Minecraft.java:650) ~[client-1.21.1-20240808.144430-srg.jar%23205!/:?]
	at TRANSFORMER/minecraft@1.21.1/net.minecraft.client.Minecraft.onResourceLoadFinished(Minecraft.java:641) ~[client-1.21.1-20240808.144430-srg.jar%23205!/:?]
	at TRANSFORMER/minecraft@1.21.1/net.minecraft.client.Minecraft.lambda$new$7(Minecraft.java:629) ~[client-1.21.1-20240808.144430-srg.jar%23205!/:?]
	at TRANSFORMER/minecraft@1.21.1/net.minecraft.Util.ifElse(Util.java:513) ~[client-1.21.1-20240808.144430-srg.jar%23205!/:?]
	at TRANSFORMER/minecraft@1.21.1/net.minecraft.client.Minecraft.lambda$new$8(Minecraft.java:623) ~[client-1.21.1-20240808.144430-srg.jar%23205!/:?]
	at TRANSFORMER/neoforge@21.1.234/net.neoforged.neoforge.client.loading.NeoForgeLoadingOverlay.render(NeoForgeLoadingOverlay.java:145) ~[neoforge-21.1.234-universal.jar%23206!/:?]
	at TRANSFORMER/minecraft@1.21.1/net.minecraft.client.renderer.GameRenderer.render(GameRenderer.java:1081) ~[client-1.21.1-20240808.144430-srg.jar%23205!/:?]
	at TRANSFORMER/minecraft@1.21.1/net.minecraft.client.Minecraft.runTick(Minecraft.java:1195) ~[client-1.21.1-20240808.144430-srg.jar%23205!/:?]
	at TRANSFORMER/minecraft@1.21.1/net.minecraft.client.Minecraft.run(Minecraft.java:807) ~[client-1.21.1-20240808.144430-srg.jar%23205!/:?]
	at TRANSFORMER/minecraft@1.21.1/net.minecraft.client.main.Main.main(Main.java:230) ~[client-1.21.1-20240808.144430-srg.jar%23205!/:?]
	at java.base/jdk.internal.reflect.DirectMethodHandleAccessor.invoke(DirectMethodHandleAccessor.java:103) ~[?:?]
	at java.base/java.lang.reflect.Method.invoke(Method.java:580) ~[?:?]
	at MC-BOOTSTRAP/fml_loader@4.0.42/net.neoforged.fml.loading.targets.CommonLaunchHandler.runTarget(CommonLaunchHandler.java:136) ~[loader-4.0.42.jar%23107!/:4.0]
	at MC-BOOTSTRAP/fml_loader@4.0.42/net.neoforged.fml.loading.targets.CommonLaunchHandler.clientService(CommonLaunchHandler.java:124) ~[loader-4.0.42.jar%23107!/:4.0]
	at MC-BOOTSTRAP/fml_loader@4.0.42/net.neoforged.fml.loading.targets.CommonClientLaunchHandler.runService(CommonClientLaunchHandler.java:32) ~[loader-4.0.42.jar%23107!/:4.0]
	at MC-BOOTSTRAP/fml_loader@4.0.42/net.neoforged.fml.loading.targets.CommonLaunchHandler.lambda$launchService$4(CommonLaunchHandler.java:118) ~[loader-4.0.42.jar%23107!/:4.0]
	at MC-BOOTSTRAP/cpw.mods.modlauncher@11.0.5/cpw.mods.modlauncher.LaunchServiceHandlerDecorator.launch(LaunchServiceHandlerDecorator.java:30) [modlauncher-11.0.5.jar%23112!/:?]
	at MC-BOOTSTRAP/cpw.mods.modlauncher@11.0.5/cpw.mods.modlauncher.LaunchServiceHandler.launch(LaunchServiceHandler.java:53) [modlauncher-11.0.5.jar%23112!/:?]
	at MC-BOOTSTRAP/cpw.mods.modlauncher@11.0.5/cpw.mods.modlauncher.LaunchServiceHandler.launch(LaunchServiceHandler.java:71) [modlauncher-11.0.5.jar%23112!/:?]
	at MC-BOOTSTRAP/cpw.mods.modlauncher@11.0.5/cpw.mods.modlauncher.Launcher.run(Launcher.java:103) [modlauncher-11.0.5.jar%23112!/:?]
	at MC-BOOTSTRAP/cpw.mods.modlauncher@11.0.5/cpw.mods.modlauncher.Launcher.main(Launcher.java:74) [modlauncher-11.0.5.jar%23112!/:?]
	at MC-BOOTSTRAP/cpw.mods.modlauncher@11.0.5/cpw.mods.modlauncher.BootstrapLaunchConsumer.accept(BootstrapLaunchConsumer.java:26) [modlauncher-11.0.5.jar%23112!/:?]
	at MC-BOOTSTRAP/cpw.mods.modlauncher@11.0.5/cpw.mods.modlauncher.BootstrapLaunchConsumer.accept(BootstrapLaunchConsumer.java:23) [modlauncher-11.0.5.jar%23112!/:?]
	at cpw.mods.bootstraplauncher@2.0.2/cpw.mods.bootstraplauncher.BootstrapLauncher.run(BootstrapLauncher.java:210) [bootstraplauncher-2.0.2.jar:?]
	at cpw.mods.bootstraplauncher@2.0.2/cpw.mods.bootstraplauncher.BootstrapLauncher.main(BootstrapLauncher.java:69) [bootstraplauncher-2.0.2.jar:?]
[117月2026 21:16:03.350] [Render thread/WARN] [Iris/]: Failed to resolve uniform endFlashFactor0, reason: Unknown variable: endFlashIntensity ( = BinaryExpr{ {FunctionCall{min {[Id{endFlashIntensity}, Number{0.5}]} }} multiply{0} {Number{2.0}} })
java.lang.RuntimeException: Unknown variable: endFlashIntensity
	at TRANSFORMER/iris@1.8.14-beta.1+mc1.21.1/kroppeb.stareval.resolver.ExpressionResolver.resolveExpressionInternal(ExpressionResolver.java:225) ~[iris-neoforge-1.8.14-beta.1+mc1.21.1.jar%23219!/:?]
	at TRANSFORMER/iris@1.8.14-beta.1+mc1.21.1/kroppeb.stareval.resolver.ExpressionResolver.resolveCallExpressionInternal(ExpressionResolver.java:81) ~[iris-neoforge-1.8.14-beta.1+mc1.21.1.jar%23219!/:?]
	at TRANSFORMER/iris@1.8.14-beta.1+mc1.21.1/kroppeb.stareval.resolver.ExpressionResolver.resolveCallExpression(ExpressionResolver.java:111) ~[iris-neoforge-1.8.14-beta.1+mc1.21.1.jar%23219!/:?]
	at TRANSFORMER/iris@1.8.14-beta.1+mc1.21.1/kroppeb.stareval.resolver.ExpressionResolver.resolveExpressionInternal(ExpressionResolver.java:196) ~[iris-neoforge-1.8.14-beta.1+mc1.21.1.jar%23219!/:?]
	at TRANSFORMER/iris@1.8.14-beta.1+mc1.21.1/kroppeb.stareval.resolver.ExpressionResolver.resolveCallExpressionInternal(ExpressionResolver.java:81) ~[iris-neoforge-1.8.14-beta.1+mc1.21.1.jar%23219!/:?]
	at TRANSFORMER/iris@1.8.14-beta.1+mc1.21.1/kroppeb.stareval.resolver.ExpressionResolver.resolveCallExpression(ExpressionResolver.java:111) ~[iris-neoforge-1.8.14-beta.1+mc1.21.1.jar%23219!/:?]
	at TRANSFORMER/iris@1.8.14-beta.1+mc1.21.1/kroppeb.stareval.resolver.ExpressionResolver.resolveExpressionInternal(ExpressionResolver.java:192) ~[iris-neoforge-1.8.14-beta.1+mc1.21.1.jar%23219!/:?]
	at TRANSFORMER/iris@1.8.14-beta.1+mc1.21.1/kroppeb.stareval.resolver.ExpressionResolver.resolveExpression(ExpressionResolver.java:50) ~[iris-neoforge-1.8.14-beta.1+mc1.21.1.jar%23219!/:?]
	at TRANSFORMER/iris@1.8.14-beta.1+mc1.21.1/net.irisshaders.iris.uniforms.custom.CustomUniforms.<init>(CustomUniforms.java:60) ~[iris-neoforge-1.8.14-beta.1+mc1.21.1.jar%23219!/:?]
	at TRANSFORMER/iris@1.8.14-beta.1+mc1.21.1/net.irisshaders.iris.uniforms.custom.CustomUniforms$Builder.build(CustomUniforms.java:332) ~[iris-neoforge-1.8.14-beta.1+mc1.21.1.jar%23219!/:?]
	at TRANSFORMER/iris@1.8.14-beta.1+mc1.21.1/net.irisshaders.iris.uniforms.custom.CustomUniforms$Builder.build(CustomUniforms.java:343) ~[iris-neoforge-1.8.14-beta.1+mc1.21.1.jar%23219!/:?]
	at TRANSFORMER/iris@1.8.14-beta.1+mc1.21.1/net.irisshaders.iris.pipeline.IrisRenderingPipeline.<init>(IrisRenderingPipeline.java:282) ~[iris-neoforge-1.8.14-beta.1+mc1.21.1.jar%23219!/:?]
	at TRANSFORMER/iris@1.8.14-beta.1+mc1.21.1/net.irisshaders.iris.Iris.createPipeline(Iris.java:642) ~[iris-neoforge-1.8.14-beta.1+mc1.21.1.jar%23219!/:?]
	at TRANSFORMER/iris@1.8.14-beta.1+mc1.21.1/net.irisshaders.iris.pipeline.PipelineManager.preparePipeline(PipelineManager.java:33) ~[iris-neoforge-1.8.14-beta.1+mc1.21.1.jar%23219!/:?]
	at TRANSFORMER/iris@1.8.14-beta.1+mc1.21.1/net.irisshaders.iris.Iris.onLoadingComplete(Iris.java:152) ~[iris-neoforge-1.8.14-beta.1+mc1.21.1.jar%23219!/:?]
	at TRANSFORMER/minecraft@1.21.1/net.minecraft.client.gui.screens.TitleScreen.handler$bhb000$iris$firstInit(TitleScreen.java:525) ~[client-1.21.1-20240808.144430-srg.jar%23205!/:?]
	at TRANSFORMER/minecraft@1.21.1/net.minecraft.client.gui.screens.TitleScreen.init(TitleScreen.java:157) ~[client-1.21.1-20240808.144430-srg.jar%23205!/:?]
	at TRANSFORMER/minecraft@1.21.1/net.minecraft.client.gui.screens.Screen.init(Screen.java:317) ~[client-1.21.1-20240808.144430-srg.jar%23205!/:?]
	at TRANSFORMER/minecraft@1.21.1/net.minecraft.client.Minecraft.setScreen(Minecraft.java:1057) ~[client-1.21.1-20240808.144430-srg.jar%23205!/:?]
	at TRANSFORMER/minecraft@1.21.1/net.minecraft.client.Minecraft.lambda$buildInitialScreens$9(Minecraft.java:664) ~[client-1.21.1-20240808.144430-srg.jar%23205!/:?]
	at TRANSFORMER/minecraft@1.21.1/net.minecraft.client.Minecraft.onGameLoadFinished(Minecraft.java:650) ~[client-1.21.1-20240808.144430-srg.jar%23205!/:?]
	at TRANSFORMER/minecraft@1.21.1/net.minecraft.client.Minecraft.onResourceLoadFinished(Minecraft.java:641) ~[client-1.21.1-20240808.144430-srg.jar%23205!/:?]
	at TRANSFORMER/minecraft@1.21.1/net.minecraft.client.Minecraft.lambda$new$7(Minecraft.java:629) ~[client-1.21.1-20240808.144430-srg.jar%23205!/:?]
	at TRANSFORMER/minecraft@1.21.1/net.minecraft.Util.ifElse(Util.java:513) ~[client-1.21.1-20240808.144430-srg.jar%23205!/:?]
	at TRANSFORMER/minecraft@1.21.1/net.minecraft.client.Minecraft.lambda$new$8(Minecraft.java:623) ~[client-1.21.1-20240808.144430-srg.jar%23205!/:?]
	at TRANSFORMER/neoforge@21.1.234/net.neoforged.neoforge.client.loading.NeoForgeLoadingOverlay.render(NeoForgeLoadingOverlay.java:145) ~[neoforge-21.1.234-universal.jar%23206!/:?]
	at TRANSFORMER/minecraft@1.21.1/net.minecraft.client.renderer.GameRenderer.render(GameRenderer.java:1081) ~[client-1.21.1-20240808.144430-srg.jar%23205!/:?]
	at TRANSFORMER/minecraft@1.21.1/net.minecraft.client.Minecraft.runTick(Minecraft.java:1195) ~[client-1.21.1-20240808.144430-srg.jar%23205!/:?]
	at TRANSFORMER/minecraft@1.21.1/net.minecraft.client.Minecraft.run(Minecraft.java:807) ~[client-1.21.1-20240808.144430-srg.jar%23205!/:?]
	at TRANSFORMER/minecraft@1.21.1/net.minecraft.client.main.Main.main(Main.java:230) ~[client-1.21.1-20240808.144430-srg.jar%23205!/:?]
	at java.base/jdk.internal.reflect.DirectMethodHandleAccessor.invoke(DirectMethodHandleAccessor.java:103) ~[?:?]
	at java.base/java.lang.reflect.Method.invoke(Method.java:580) ~[?:?]
	at MC-BOOTSTRAP/fml_loader@4.0.42/net.neoforged.fml.loading.targets.CommonLaunchHandler.runTarget(CommonLaunchHandler.java:136) ~[loader-4.0.42.jar%23107!/:4.0]
	at MC-BOOTSTRAP/fml_loader@4.0.42/net.neoforged.fml.loading.targets.CommonLaunchHandler.clientService(CommonLaunchHandler.java:124) ~[loader-4.0.42.jar%23107!/:4.0]
	at MC-BOOTSTRAP/fml_loader@4.0.42/net.neoforged.fml.loading.targets.CommonClientLaunchHandler.runService(CommonClientLaunchHandler.java:32) ~[loader-4.0.42.jar%23107!/:4.0]
	at MC-BOOTSTRAP/fml_loader@4.0.42/net.neoforged.fml.loading.targets.CommonLaunchHandler.lambda$launchService$4(CommonLaunchHandler.java:118) ~[loader-4.0.42.jar%23107!/:4.0]
	at MC-BOOTSTRAP/cpw.mods.modlauncher@11.0.5/cpw.mods.modlauncher.LaunchServiceHandlerDecorator.launch(LaunchServiceHandlerDecorator.java:30) [modlauncher-11.0.5.jar%23112!/:?]
	at MC-BOOTSTRAP/cpw.mods.modlauncher@11.0.5/cpw.mods.modlauncher.LaunchServiceHandler.launch(LaunchServiceHandler.java:53) [modlauncher-11.0.5.jar%23112!/:?]
	at MC-BOOTSTRAP/cpw.mods.modlauncher@11.0.5/cpw.mods.modlauncher.LaunchServiceHandler.launch(LaunchServiceHandler.java:71) [modlauncher-11.0.5.jar%23112!/:?]
	at MC-BOOTSTRAP/cpw.mods.modlauncher@11.0.5/cpw.mods.modlauncher.Launcher.run(Launcher.java:103) [modlauncher-11.0.5.jar%23112!/:?]
	at MC-BOOTSTRAP/cpw.mods.modlauncher@11.0.5/cpw.mods.modlauncher.Launcher.main(Launcher.java:74) [modlauncher-11.0.5.jar%23112!/:?]
	at MC-BOOTSTRAP/cpw.mods.modlauncher@11.0.5/cpw.mods.modlauncher.BootstrapLaunchConsumer.accept(BootstrapLaunchConsumer.java:26) [modlauncher-11.0.5.jar%23112!/:?]
	at MC-BOOTSTRAP/cpw.mods.modlauncher@11.0.5/cpw.mods.modlauncher.BootstrapLaunchConsumer.accept(BootstrapLaunchConsumer.java:23) [modlauncher-11.0.5.jar%23112!/:?]
	at cpw.mods.bootstraplauncher@2.0.2/cpw.mods.bootstraplauncher.BootstrapLauncher.run(BootstrapLauncher.java:210) [bootstraplauncher-2.0.2.jar:?]
	at cpw.mods.bootstraplauncher@2.0.2/cpw.mods.bootstraplauncher.BootstrapLauncher.main(BootstrapLauncher.java:69) [bootstraplauncher-2.0.2.jar:?]
[117月2026 21:16:03.354] [Render thread/WARN] [Iris/]: The following uniforms won't work, either because they are broken, or reference a broken uniform: 
endFlashFactor1, endFlashIntensityM
[117月2026 21:16:05.152] [Render thread/INFO] [com.ccr4ft3r.lightspeed.events.TitleScreenInjector/]: Lightspeed: Launch took 20s
[117月2026 21:16:08.489] [Render thread/INFO] [net.minecraft.world.item.crafting.RecipeManager/]: Loaded 1293 recipes
[117月2026 21:16:08.614] [Render thread/INFO] [net.minecraft.advancements.AdvancementTree/]: Loaded 1402 advancements
[117月2026 21:16:08.618] [Render thread/INFO] [Curios API/]: Loaded 11 curio slots
[117月2026 21:16:08.619] [Render thread/INFO] [Curios API/]: Loaded 11 curio entities
[117月2026 21:16:08.851] [Render thread/INFO] [Entity Texture Features/]: [ETF]: emissive suffixes loaded: [_e]
[117月2026 21:16:08.854] [Render thread/INFO] [Entity Texture Features/]: [ETF]: emissive suffixes loaded: [_e]
[117月2026 21:16:08.911] [Server thread/INFO] [net.minecraft.client.server.IntegratedServer/]: Starting integrated minecraft server version 1.21.1
[117月2026 21:16:08.911] [Server thread/INFO] [net.minecraft.server.MinecraftServer/]: Generating keypair
[117月2026 21:16:09.034] [Server thread/INFO] [dev.ryanhcode.sable.Sable/]: Creating physics pipeline for ResourceKey[minecraft:dimension / minecraft:overworld] using RapierPhysicsPipelineProvider
[117月2026 21:16:09.161] [Server thread/ERROR] [dev.ryanhcode.sable.Sable/]: Failed to apply tag physics properties. Unknown block: create:flywheel
[117月2026 21:16:09.375] [Server thread/INFO] [dev.ryanhcode.sable.Sable/]: Creating physics pipeline for ResourceKey[minecraft:dimension / minecraft:the_end] using RapierPhysicsPipelineProvider
[117月2026 21:16:09.375] [Server thread/ERROR] [dev.ryanhcode.sable.Sable/]: Failed to apply tag physics properties. Unknown block: create:flywheel
[117月2026 21:16:09.654] [Server thread/INFO] [dev.ryanhcode.sable.Sable/]: Creating physics pipeline for ResourceKey[minecraft:dimension / minecraft:the_nether] using RapierPhysicsPipelineProvider
[117月2026 21:16:09.655] [Server thread/ERROR] [dev.ryanhcode.sable.Sable/]: Failed to apply tag physics properties. Unknown block: create:flywheel
[117月2026 21:16:09.669] [Server thread/INFO] [net.minecraft.server.MinecraftServer/]: Preparing start region for dimension minecraft:overworld
[117月2026 21:16:09.878] [Render thread/INFO] [net.minecraft.server.level.progress.LoggerChunkProgressListener/]: 准备生成区域中：0%
[117月2026 21:16:10.099] [Server thread/INFO] [net.neoforged.neoforge.server.permission.PermissionAPI/]: Successfully initialized permission handler neoforge:default_handler
[117月2026 21:16:10.105] [Render thread/INFO] [net.minecraft.server.level.progress.LoggerChunkProgressListener/]: Time elapsed: 430 ms
[117月2026 21:16:10.154] [Server thread/INFO] [sable_player_ragdoll/]: [sable_player_ragdoll] ragdoll system active (debug=true)
[117月2026 21:16:10.347] [Server thread/INFO] [sable_player_ragdoll/]: [sable_player_ragdoll] restored playerless ragdoll cc38a64e (6 parts)
[117月2026 21:16:10.355] [Server thread/INFO] [net.minecraft.client.server.IntegratedServer/]: Changing view distance to 8, from 10
[117月2026 21:16:10.355] [Server thread/INFO] [net.minecraft.client.server.IntegratedServer/]: Changing simulation distance to 8, from 0
[117月2026 21:16:10.503] [Render thread/INFO] [dev.ryanhcode.sable.Sable/]: Adding local UDP server channel future
[117月2026 21:16:10.503] [Server thread/ERROR] [net.minecraft.server.MinecraftServer/]: Encountered an unexpected exception
net.minecraft.ReportedException: Ticking entity
	at TRANSFORMER/minecraft@1.21.1/net.minecraft.server.MinecraftServer.tickChildren(MinecraftServer.java:1041) ~[client-1.21.1-20240808.144430-srg.jar%23205!/:?]
	at TRANSFORMER/minecraft@1.21.1/net.minecraft.server.MinecraftServer.tickServer(MinecraftServer.java:917) ~[client-1.21.1-20240808.144430-srg.jar%23205!/:?]
	at TRANSFORMER/minecraft@1.21.1/net.minecraft.client.server.IntegratedServer.tickServer(IntegratedServer.java:110) ~[client-1.21.1-20240808.144430-srg.jar%23205!/:?]
	at TRANSFORMER/minecraft@1.21.1/net.minecraft.server.MinecraftServer.runServer(MinecraftServer.java:707) ~[client-1.21.1-20240808.144430-srg.jar%23205!/:?]
	at TRANSFORMER/minecraft@1.21.1/net.minecraft.server.MinecraftServer.lambda$spin$2(MinecraftServer.java:267) ~[client-1.21.1-20240808.144430-srg.jar%23205!/:?]
	at java.base/java.lang.Thread.run(Thread.java:1583) [?:?]
Caused by: java.lang.AbstractMethodError: Receiver class net.minecraft.world.entity.GlowSquid does not define or inherit an implementation of the resolved method 'net.minecraft.world.entity.LivingEntity self()' of interface net.neoforged.neoforge.common.extensions.ILivingEntityExtension.
	at TRANSFORMER/neoforge@21.1.234/net.neoforged.neoforge.common.extensions.ILivingEntityExtension.canDrownInFluidType(ILivingEntityExtension.java:56) ~[neoforge-21.1.234-universal.jar%23206!/:?]
	at TRANSFORMER/neoforge@21.1.234/net.neoforged.neoforge.common.CommonHooks.onLivingBreathe(CommonHooks.java:1387) ~[neoforge-21.1.234-universal.jar%23206!/:?]
	at TRANSFORMER/minecraft@1.21.1/net.minecraft.world.entity.LivingEntity.baseTick(LivingEntity.java:419) ~[client-1.21.1-20240808.144430-srg.jar%23205!/:?]
	at TRANSFORMER/minecraft@1.21.1/net.minecraft.world.entity.Mob.baseTick(Mob.java:278) ~[client-1.21.1-20240808.144430-srg.jar%23205!/:?]
	at TRANSFORMER/minecraft@1.21.1/net.minecraft.world.entity.animal.WaterAnimal.baseTick(WaterAnimal.java:53) ~[client-1.21.1-20240808.144430-srg.jar%23205!/:?]
	at TRANSFORMER/minecraft@1.21.1/net.minecraft.world.entity.Entity.tick(Entity.java:425) ~[client-1.21.1-20240808.144430-srg.jar%23205!/:?]
	at TRANSFORMER/minecraft@1.21.1/net.minecraft.world.entity.LivingEntity.tick(LivingEntity.java:2393) ~[client-1.21.1-20240808.144430-srg.jar%23205!/:?]
	at TRANSFORMER/minecraft@1.21.1/net.minecraft.world.entity.Mob.tick(Mob.java:351) ~[client-1.21.1-20240808.144430-srg.jar%23205!/:?]
	at TRANSFORMER/minecraft@1.21.1/net.minecraft.server.level.ServerLevel.tickNonPassenger(ServerLevel.java:774) ~[client-1.21.1-20240808.144430-srg.jar%23205!/:?]
	at TRANSFORMER/minecraft@1.21.1/net.minecraft.world.level.Level.guardEntityTick(Level.java:576) ~[client-1.21.1-20240808.144430-srg.jar%23205!/:?]
	at TRANSFORMER/minecraft@1.21.1/net.minecraft.server.level.ServerLevel.lambda$tick$2(ServerLevel.java:420) ~[client-1.21.1-20240808.144430-srg.jar%23205!/:?]
	at TRANSFORMER/minecraft@1.21.1/net.minecraft.world.level.entity.EntityTickList.forEach(EntityTickList.java:54) ~[client-1.21.1-20240808.144430-srg.jar%23205!/:?]
	at TRANSFORMER/minecraft@1.21.1/net.minecraft.server.level.ServerLevel.tick(ServerLevel.java:400) ~[client-1.21.1-20240808.144430-srg.jar%23205!/:?]
	at TRANSFORMER/minecraft@1.21.1/net.minecraft.server.MinecraftServer.tickChildren(MinecraftServer.java:1037) ~[client-1.21.1-20240808.144430-srg.jar%23205!/:?]
	... 5 more
[117月2026 21:16:10.509] [Render thread/WARN] [io.netty.bootstrap.Bootstrap/]: Unknown channel option 'SO_BROADCAST' for channel '[id: 0x4caed981]'
[117月2026 21:16:10.514] [Server thread/FATAL] [net.neoforged.neoforge.common.NeoForgeMod/]: Preparing crash report with UUID 944607de-c8ed-4804-b663-30ea1c1fe111
[117月2026 21:16:10.515] [Server thread/ERROR] [net.minecraft.server.MinecraftServer/]: This crash report has been saved to: D:\Minecraft\Minecraft HMCL\.minecraft\versions\SableRagdoll\crash-reports\crash-2026-07-11_21.16.10-server.txt
[117月2026 21:16:10.515] [Server thread/INFO] [net.minecraft.server.MinecraftServer/]: Stopping server
[117月2026 21:16:10.516] [Server thread/INFO] [net.minecraft.server.MinecraftServer/]: Saving players
[117月2026 21:16:10.516] [Server thread/INFO] [net.minecraft.server.MinecraftServer/]: Saving worlds
[117月2026 21:16:10.517] [Netty Server IO #1/INFO] [dev.ryanhcode.sable.Sable/]: Server UDP channel active
[117月2026 21:16:10.634] [Render thread/ERROR] [net.minecraft.CrashReport/]: Negative index in crash report handler (13/20)
[117月2026 21:16:10.637] [Render thread/FATAL] [net.neoforged.neoforge.common.NeoForgeMod/]: Preparing crash report with UUID bf007274-8d29-4bbd-b261-58bc7331d222
[117月2026 21:16:10.649] [Render thread/FATAL] [net.neoforged.neoforge.common.NeoForgeMod/]: Preparing crash report with UUID aec69653-f175-49d5-9b9d-db34df391375
