[117月2026 21:27:08.415] [main/DEBUG] [mixin/]: Mixing MinecraftMainMixin from lightspeed.mixins.json into net.minecraft.client.main.Main
[117月2026 21:27:08.417] [main/DEBUG] [mixin/]: Mixing client.DebugMainMixin from veil.debug.mixins.json into net.minecraft.client.main.Main
[117月2026 21:27:08.417] [main/DEBUG] [mixin/]: Renaming synthetic method lambda$preMain$0(Ljava/util/concurrent/atomic/AtomicBoolean;)V to md9352aa$veil$lambda$preMain$0$0 in veil.debug.mixins.json:client.DebugMainMixin from mod veil
[117月2026 21:27:08.432] [main/DEBUG] [mixin/]: lightspeed.mixins.json:MinecraftMainMixin from mod lightspeed->@Inject::mainTryDetecVersionInjected([Ljava/lang/String;Lorg/spongepowered/asm/mixin/injection/callback/CallbackInfo;)V doesn't use it's CallbackInfo
[117月2026 21:27:08.433] [main/DEBUG] [mixin/]: veil.debug.mixins.json:client.DebugMainMixin from mod veil->@Inject::preMain(Lorg/spongepowered/asm/mixin/injection/callback/CallbackInfo;)V doesn't use it's CallbackInfo
[117月2026 21:27:08.618] [main/DEBUG] [io.netty.util.internal.logging.InternalLoggerFactory/]: Using SLF4J as the default logging framework
[117月2026 21:27:08.620] [main/DEBUG] [io.netty.util.ResourceLeakDetector/]: -Dio.netty.leakDetection.level: simple
[117月2026 21:27:08.621] [main/DEBUG] [io.netty.util.ResourceLeakDetector/]: -Dio.netty.leakDetection.targetRecords: 4
[117月2026 21:27:08.628] [main/DEBUG] [mixin/]: Mixing text.TextCodecsMixin from owo.mixins.json into net.minecraft.network.chat.ComponentSerialization
[117月2026 21:27:08.628] [main/DEBUG] [mixin/]: owo.mixins.json:text.TextCodecsMixin from mod owo: Class version 65 required is higher than the class version supported by the current version of Mixin (JAVA_16 supports class version 60)
[117月2026 21:27:08.630] [main/DEBUG] [mixin/]: Renaming synthetic method lambda$injectCustomTextTypesExplicit$0(Ljava/lang/String;)Lnet/minecraft/util/StringRepresentable; to md9352aa$owo$lambda$injectCustomTextTypesExplicit$0$0 in owo.mixins.json:text.TextCodecsMixin from mod owo
[117月2026 21:27:08.649] [main/DEBUG] [mixin/]: Generating mapped inner class net/minecraft/network/chat/ComponentSerialization$Anonymous$6708cf0b783b4ff194c7ee0397384d8e (originally io/wispforest/owo/mixin/text/TextCodecsMixin$2)
[117月2026 21:27:08.666] [main/DEBUG] [mixin/]: Mixing NbtCompoundMixin from owo.mixins.json into net.minecraft.nbt.CompoundTag
[117月2026 21:27:08.667] [main/DEBUG] [mixin/]: owo.mixins.json:NbtCompoundMixin from mod owo: Class version 65 required is higher than the class version supported by the current version of Mixin (JAVA_16 supports class version 60)
[117月2026 21:27:08.693] [main/DEBUG] [CustomSkinLoader Bootstrap/]: Applied transformer customskinloader:interface-patch to net/minecraft/resources/ResourceLocation
[117月2026 21:27:08.693] [main/INFO] [CustomSkinLoader Bootstrap/]: Transformed net/minecraft/resources/ResourceLocation with [customskinloader:interface-patch]
[117月2026 21:27:08.693] [main/INFO] [CustomSkinLoader Bootstrap/]: Transformed ModLauncher target net/minecraft/resources/ResourceLocation with [customskinloader:interface-patch]
[117月2026 21:27:08.694] [main/DEBUG] [mixin/]: Mixing MixinIdentifier from entity_texture_features.mixins.json into net.minecraft.resources.ResourceLocation
[117月2026 21:27:08.694] [main/DEBUG] [mixin/]: entity_texture_features.mixins.json:MixinIdentifier from mod entity_texture_features: Class version 65 required is higher than the class version supported by the current version of Mixin (JAVA_16 supports class version 60)
[117月2026 21:27:08.697] [main/DEBUG] [mixin/]: Mixing misc.ResourceLocationMixin from lightspeed.mixins.json into net.minecraft.resources.ResourceLocation
[117月2026 21:27:08.698] [main/DEBUG] [mixin/]: Mixing texture.MixinResourceLocation from mixins.iris.json into net.minecraft.resources.ResourceLocation
[117月2026 21:27:08.698] [main/DEBUG] [mixin/]: mixins.iris.json:texture.MixinResourceLocation from mod iris: Class version 65 required is higher than the class version supported by the current version of Mixin (JAVA_8 supports class version 52)
[117月2026 21:27:08.700] [main/DEBUG] [mixin/]: entity_texture_features.mixins.json:MixinIdentifier from mod entity_texture_features->@Inject::etf$illegalPathOverride(Ljava/lang/String;Lorg/spongepowered/asm/mixin/injection/callback/CallbackInfoReturnable;)V does use it's CallbackInfoReturnable
[117月2026 21:27:08.700] [main/DEBUG] [mixin/]: entity_texture_features.mixins.json:MixinIdentifier from mod entity_texture_features->@Inject::etf$illegalPathOverride(Ljava/lang/String;Lorg/spongepowered/asm/mixin/injection/callback/CallbackInfoReturnable;)V does use it's CallbackInfoReturnable
[117月2026 21:27:08.700] [main/DEBUG] [mixin/]: lightspeed.mixins.json:misc.ResourceLocationMixin from mod lightspeed->@Inject::hashCodeHeadInjected(Lorg/spongepowered/asm/mixin/injection/callback/CallbackInfoReturnable;)V does use it's CallbackInfoReturnable
[117月2026 21:27:08.701] [main/DEBUG] [mixin/]: lightspeed.mixins.json:misc.ResourceLocationMixin from mod lightspeed->@Inject::hashCodeReturnInjected(Lorg/spongepowered/asm/mixin/injection/callback/CallbackInfoReturnable;)V does use it's CallbackInfoReturnable
[117月2026 21:27:08.701] [main/DEBUG] [mixin/]: mixins.iris.json:texture.MixinResourceLocation from mod iris->@Inject::iris$blockDUMMY(Ljava/lang/String;Lorg/spongepowered/asm/mixin/injection/callback/CallbackInfoReturnable;)V does use it's CallbackInfoReturnable
[117月2026 21:27:08.701] [main/DEBUG] [mixin/]: mixins.iris.json:texture.MixinResourceLocation from mod iris->@Inject::iris$allowInvalidPaths(CLorg/spongepowered/asm/mixin/injection/callback/CallbackInfoReturnable;)V does use it's CallbackInfoReturnable
[117月2026 21:27:08.713] [main/DEBUG] [mixin/]: Mixing ScreenAccessor from owo.mixins.json into net.minecraft.client.gui.screens.Screen
[117月2026 21:27:08.713] [main/DEBUG] [mixin/]: owo.mixins.json:ScreenAccessor from mod owo: Class version 65 required is higher than the class version supported by the current version of Mixin (JAVA_16 supports class version 60)
[117月2026 21:27:08.713] [main/DEBUG] [mixin/]: Renaming @Accessor method owo$PANORAMA_RENDERER()Lnet/minecraft/client/renderer/CubeMap; to PANORAMA_RENDERER$owo_$md$9352aa$0 in owo.mixins.json:ScreenAccessor from mod owo
[117月2026 21:27:08.713] [main/DEBUG] [mixin/]: Renaming @Accessor method owo$ROTATING_PANORAMA_RENDERER()Lnet/minecraft/client/renderer/PanoramaRenderer; to ROTATING_PANORAMA_RENDERER$owo_$md$9352aa$1 in owo.mixins.json:ScreenAccessor from mod owo
[117月2026 21:27:08.713] [main/DEBUG] [mixin/]: Mixing ui.ScreenMixin from owo.mixins.json into net.minecraft.client.gui.screens.Screen
[117月2026 21:27:08.714] [main/DEBUG] [mixin/]: owo.mixins.json:ui.ScreenMixin from mod owo: Class version 65 required is higher than the class version supported by the current version of Mixin (JAVA_16 supports class version 60)
[117月2026 21:27:08.714] [main/DEBUG] [mixin/]: Mixing ui.layers.ScreenMixin from owo.mixins.json into net.minecraft.client.gui.screens.Screen
[117月2026 21:27:08.714] [main/DEBUG] [mixin/]: owo.mixins.json:ui.layers.ScreenMixin from mod owo: Class version 65 required is higher than the class version supported by the current version of Mixin (JAVA_16 supports class version 60)
[117月2026 21:27:08.740] [main/DEBUG] [mixin/]: Mixing text.LanguageMixin from owo.mixins.json into net.minecraft.locale.Language
[117月2026 21:27:08.741] [main/DEBUG] [mixin/]: owo.mixins.json:text.LanguageMixin from mod owo: Class version 65 required is higher than the class version supported by the current version of Mixin (JAVA_16 supports class version 60)
[117月2026 21:27:08.781] [main/DEBUG] [CustomSkinLoader Bootstrap/]: Applied transformer customskinloader:interface-patch to net/minecraft/server/packs/resources/ResourceManager
[117月2026 21:27:08.781] [main/INFO] [CustomSkinLoader Bootstrap/]: Transformed net/minecraft/server/packs/resources/ResourceManager with [customskinloader:interface-patch]
[117月2026 21:27:08.781] [main/INFO] [CustomSkinLoader Bootstrap/]: Transformed ModLauncher target net/minecraft/server/packs/resources/ResourceManager with [customskinloader:interface-patch]
[117月2026 21:27:09.180] [main/DEBUG] [mixin/]: Mixing MixinV1460 from curios.neoforge.mixins.json into net.minecraft.util.datafix.schemas.V1460
[117月2026 21:27:09.182] [main/DEBUG] [mixin/]: curios.neoforge.mixins.json:MixinV1460 from mod curios->@Inject::captureSchema(Lcom/mojang/datafixers/schemas/Schema;Ljava/util/Map;Ljava/util/Map;Lorg/spongepowered/asm/mixin/injection/callback/CallbackInfo;)V doesn't use it's CallbackInfo
[117月2026 21:27:09.182] [main/DEBUG] [mixin/]: curios.neoforge.mixins.json:MixinV1460 from mod curios->@Inject::captureSchema(Lcom/mojang/datafixers/schemas/Schema;Ljava/util/Map;Ljava/util/Map;Lorg/spongepowered/asm/mixin/injection/callback/CallbackInfo;)V has 0 override(s) in child classes
[117月2026 21:27:09.182] [main/DEBUG] [mixin/]: curios.neoforge.mixins.json:MixinV1460 from mod curios->@Inject::captureSchema(Lcom/mojang/datafixers/schemas/Schema;Ljava/util/Map;Ljava/util/Map;Lorg/spongepowered/asm/mixin/injection/callback/CallbackInfo;)V won't be passed a CallbackInfo as a result
[117月2026 21:27:09.202] [main/DEBUG] [mixin/]: Mixing climbing_sub_levels.LivingEntityMixin from sable.mixins.json into net.minecraft.world.entity.LivingEntity
[117月2026 21:27:09.213] [main/DEBUG] [mixin/]: Mixing entity.entities_stick_sublevels.LivingEntityMixin from sable.mixins.json into net.minecraft.world.entity.LivingEntity
[117月2026 21:27:09.218] [main/DEBUG] [mixin/]: Mixing entity.entities_stick_sublevels.effects.LivingEntityMixin from sable.mixins.json into net.minecraft.world.entity.LivingEntity
[117月2026 21:27:09.218] [main/DEBUG] [mixin/]: Mixing entity.entity_rotations_and_riding.LivingEntityMixin from sable.mixins.json into net.minecraft.world.entity.LivingEntity
[117月2026 21:27:09.221] [main/DEBUG] [mixin/]: Mixing entity.entity_sublevel_collision.LivingEntityMixin from sable.mixins.json into net.minecraft.world.entity.LivingEntity
[117月2026 21:27:09.228] [main/DEBUG] [mixin/]: Mixing respawn_point.sleeping.LivingEntityMixin from sable.mixins.json into net.minecraft.world.entity.LivingEntity
[117月2026 21:27:09.230] [main/DEBUG] [mixin/]: Mixing entities_stick_sublevels.effects.LivingEntityMixin from sable-neoforge.mixins.json into net.minecraft.world.entity.LivingEntity
[117月2026 21:27:09.230] [main/DEBUG] [mixin/]: Mixing MixinLivingEntity from curios.neoforge.mixins.json into net.minecraft.world.entity.LivingEntity
[117月2026 21:27:09.231] [main/DEBUG] [mixin/]: Mixing ability.LivingEntityMixin from mixins.artifacts.common.json into net.minecraft.world.entity.LivingEntity
[117月2026 21:27:09.232] [main/DEBUG] [mixin/]: Mixing ability.deathprotectionteleport.LivingEntityMixin from mixins.artifacts.common.json into net.minecraft.world.entity.LivingEntity
[117月2026 21:27:09.239] [main/DEBUG] [mixin/]: Mixing ability.hurtsound.LivingEntityMixin from mixins.artifacts.common.json into net.minecraft.world.entity.LivingEntity
[117月2026 21:27:09.239] [main/DEBUG] [mixin/]: Mixing accessors.LivingEntityAccessor from mixins.artifacts.common.json into net.minecraft.world.entity.LivingEntity
[117月2026 21:27:09.240] [main/DEBUG] [mixin/]: Mixing attribute.LivingEntityMixin from mixins.artifacts.common.json into net.minecraft.world.entity.LivingEntity
[117月2026 21:27:09.240] [main/DEBUG] [mixin/]: Mixing attribute.invincibilityticks.LivingEntityMixin from mixins.artifacts.common.json into net.minecraft.world.entity.LivingEntity
[117月2026 21:27:09.241] [main/DEBUG] [mixin/]: Mixing ability.hurtsound.client.LivingEntityMixin from mixins.artifacts.common.json into net.minecraft.world.entity.LivingEntity
[117月2026 21:27:09.241] [main/DEBUG] [mixin/]: Mixing item.pocketpiston.client.LivingEntityMixin from mixins.artifacts.common.json into net.minecraft.world.entity.LivingEntity
[117月2026 21:27:09.242] [main/DEBUG] [mixin/]: Mixing ability.slipresistance.LivingEntityMixin from mixins.artifacts.neoforge.json into net.minecraft.world.entity.LivingEntity
[117月2026 21:27:09.243] [main/DEBUG] [mixin/]: Mixing PlayerRagdollHiddenMixin from sable_player_ragdoll.neoforge.mixins.json into net.minecraft.world.entity.LivingEntity
[117月2026 21:27:09.244] [main/DEBUG] [mixin/]: Mixing LivingEntityRagdollDamageMixin from sable_player_ragdoll.neoforge.mixins.json into net.minecraft.world.entity.LivingEntity
[117月2026 21:27:09.247] [main/DEBUG] [mixin/]: Mixing LivingEntityPushMixin from nocollide_ragdoll.mixins.json into net.minecraft.world.entity.LivingEntity
[117月2026 21:27:09.249] [main/DEBUG] [mixin/]: Mixing swimming.LivingEntityMixin from expandability-common.mixins.json into net.minecraft.world.entity.LivingEntity
[117月2026 21:27:09.249] [main/DEBUG] [mixin/]: expandability-common.mixins.json:swimming.LivingEntityMixin from mod expandability: Class version 65 required is higher than the class version supported by the current version of Mixin (JAVA_17 supports class version 61)
[117月2026 21:27:09.250] [main/DEBUG] [mixin/]: Mixing swimming.LivingEntityMixin from expandability.mixins.json into net.minecraft.world.entity.LivingEntity
[117月2026 21:27:09.250] [main/DEBUG] [mixin/]: expandability.mixins.json:swimming.LivingEntityMixin from mod expandability: Class version 65 required is higher than the class version supported by the current version of Mixin (JAVA_17 supports class version 61)
[117月2026 21:27:09.278] [main/FATAL] [mixin/]: Mixin apply for mod nocollide_ragdoll failed nocollide_ragdoll.mixins.json:LivingEntityPushMixin from mod nocollide_ragdoll -> net.minecraft.world.entity.LivingEntity: org.spongepowered.asm.mixin.injection.throwables.InvalidInjectionException Critical injection failure: @Inject annotation on ncrLeOnGetBoundingBox could not find any targets matching 'getBoundingBox' in net/minecraft/world/entity/LivingEntity. No refMap loaded. [INJECT_PREPARE Applicator Phase -> nocollide_ragdoll.mixins.json:LivingEntityPushMixin from mod nocollide_ragdoll -> Prepare Injections -> handler$caa000$nocollide_ragdoll$ncrLeOnGetBoundingBox(Lorg/spongepowered/asm/mixin/injection/callback/CallbackInfoReturnable;)V -> Parse ->  -> Validate Targets]
org.spongepowered.asm.mixin.injection.throwables.InvalidInjectionException: Critical injection failure: @Inject annotation on ncrLeOnGetBoundingBox could not find any targets matching 'getBoundingBox' in net/minecraft/world/entity/LivingEntity. No refMap loaded. [INJECT_PREPARE Applicator Phase -> nocollide_ragdoll.mixins.json:LivingEntityPushMixin from mod nocollide_ragdoll -> Prepare Injections -> handler$caa000$nocollide_ragdoll$ncrLeOnGetBoundingBox(Lorg/spongepowered/asm/mixin/injection/callback/CallbackInfoReturnable;)V -> Parse ->  -> Validate Targets]
	at MC-BOOTSTRAP/org.spongepowered.mixin/org.spongepowered.asm.mixin.injection.selectors.TargetSelectors.validate(TargetSelectors.java:346) ~[sponge-mixin-0.15.2+mixin.0.8.7.jar:0.15.2+mixin.0.8.7]
	at MC-BOOTSTRAP/org.spongepowered.mixin/org.spongepowered.asm.mixin.injection.struct.InjectionInfo.readAnnotation(InjectionInfo.java:369) ~[sponge-mixin-0.15.2+mixin.0.8.7.jar:0.15.2+mixin.0.8.7]
	at MC-BOOTSTRAP/org.spongepowered.mixin/org.spongepowered.asm.mixin.injection.struct.InjectionInfo.<init>(InjectionInfo.java:340) ~[sponge-mixin-0.15.2+mixin.0.8.7.jar:0.15.2+mixin.0.8.7]
	at MC-BOOTSTRAP/org.spongepowered.mixin/org.spongepowered.asm.mixin.injection.struct.InjectionInfo.<init>(InjectionInfo.java:331) ~[sponge-mixin-0.15.2+mixin.0.8.7.jar:0.15.2+mixin.0.8.7]
	at MC-BOOTSTRAP/org.spongepowered.mixin/org.spongepowered.asm.mixin.injection.struct.CallbackInjectionInfo.<init>(CallbackInjectionInfo.java:48) ~[sponge-mixin-0.15.2+mixin.0.8.7.jar:0.15.2+mixin.0.8.7]
	at java.base/jdk.internal.reflect.DirectConstructorHandleAccessor.newInstance(DirectConstructorHandleAccessor.java:62) ~[?:?]
	at java.base/java.lang.reflect.Constructor.newInstanceWithCaller(Constructor.java:502) ~[?:?]
	at java.base/java.lang.reflect.Constructor.newInstance(Constructor.java:486) ~[?:?]
	at MC-BOOTSTRAP/org.spongepowered.mixin/org.spongepowered.asm.mixin.injection.struct.InjectionInfo$InjectorEntry.create(InjectionInfo.java:196) ~[sponge-mixin-0.15.2+mixin.0.8.7.jar:0.15.2+mixin.0.8.7]
	at MC-BOOTSTRAP/org.spongepowered.mixin/org.spongepowered.asm.mixin.injection.struct.InjectionInfo.parse(InjectionInfo.java:664) ~[sponge-mixin-0.15.2+mixin.0.8.7.jar:0.15.2+mixin.0.8.7]
	at MC-BOOTSTRAP/org.spongepowered.mixin/org.spongepowered.asm.mixin.transformer.MixinTargetContext.prepareInjections(MixinTargetContext.java:1399) ~[sponge-mixin-0.15.2+mixin.0.8.7.jar:0.15.2+mixin.0.8.7]
	at MC-BOOTSTRAP/org.spongepowered.mixin/org.spongepowered.asm.mixin.transformer.MixinApplicatorStandard.prepareInjections(MixinApplicatorStandard.java:731) ~[sponge-mixin-0.15.2+mixin.0.8.7.jar:0.15.2+mixin.0.8.7]
	at MC-BOOTSTRAP/org.spongepowered.mixin/org.spongepowered.asm.mixin.transformer.MixinApplicatorStandard.applyMixin(MixinApplicatorStandard.java:315) ~[sponge-mixin-0.15.2+mixin.0.8.7.jar:0.15.2+mixin.0.8.7]
	at MC-BOOTSTRAP/org.spongepowered.mixin/org.spongepowered.asm.mixin.transformer.MixinApplicatorStandard.apply(MixinApplicatorStandard.java:246) ~[sponge-mixin-0.15.2+mixin.0.8.7.jar:0.15.2+mixin.0.8.7]
	at MC-BOOTSTRAP/org.spongepowered.mixin/org.spongepowered.asm.mixin.transformer.TargetClassContext.apply(TargetClassContext.java:437) ~[sponge-mixin-0.15.2+mixin.0.8.7.jar:0.15.2+mixin.0.8.7]
	at MC-BOOTSTRAP/org.spongepowered.mixin/org.spongepowered.asm.mixin.transformer.TargetClassContext.applyMixins(TargetClassContext.java:418) ~[sponge-mixin-0.15.2+mixin.0.8.7.jar:0.15.2+mixin.0.8.7]
	at MC-BOOTSTRAP/org.spongepowered.mixin/org.spongepowered.asm.mixin.transformer.MixinProcessor.applyMixins(MixinProcessor.java:363) ~[sponge-mixin-0.15.2+mixin.0.8.7.jar:0.15.2+mixin.0.8.7]
	at MC-BOOTSTRAP/org.spongepowered.mixin/org.spongepowered.asm.mixin.transformer.MixinTransformer.transformClass(MixinTransformer.java:250) ~[sponge-mixin-0.15.2+mixin.0.8.7.jar:0.15.2+mixin.0.8.7]
	at MC-BOOTSTRAP/org.spongepowered.mixin/org.spongepowered.asm.service.modlauncher.MixinTransformationHandler.processClass(MixinTransformationHandler.java:131) ~[sponge-mixin-0.15.2+mixin.0.8.7.jar:0.15.2+mixin.0.8.7]
	at MC-BOOTSTRAP/org.spongepowered.mixin/org.spongepowered.asm.launch.MixinLaunchPluginLegacy.processClass(MixinLaunchPluginLegacy.java:131) ~[sponge-mixin-0.15.2+mixin.0.8.7.jar:0.15.2+mixin.0.8.7]
	at MC-BOOTSTRAP/cpw.mods.modlauncher@11.0.5/cpw.mods.modlauncher.serviceapi.ILaunchPluginService.processClassWithFlags(ILaunchPluginService.java:156) ~[modlauncher-11.0.5.jar:11.0.5+main.901c6ea8]
	at MC-BOOTSTRAP/cpw.mods.modlauncher@11.0.5/cpw.mods.modlauncher.LaunchPluginHandler.offerClassNodeToPlugins(LaunchPluginHandler.java:94) ~[modlauncher-11.0.5.jar:?]
	at MC-BOOTSTRAP/cpw.mods.modlauncher@11.0.5/cpw.mods.modlauncher.ClassTransformer.transform(ClassTransformer.java:120) ~[modlauncher-11.0.5.jar:?]
	at MC-BOOTSTRAP/cpw.mods.modlauncher@11.0.5/cpw.mods.modlauncher.TransformingClassLoader.maybeTransformClassBytes(TransformingClassLoader.java:57) ~[modlauncher-11.0.5.jar:?]
	at cpw.mods.securejarhandler/cpw.mods.cl.ModuleClassLoader.readerToClass(ModuleClassLoader.java:190) ~[securejarhandler-3.0.8.jar:?]
	at cpw.mods.securejarhandler/cpw.mods.cl.ModuleClassLoader.lambda$findClass$20(ModuleClassLoader.java:298) ~[securejarhandler-3.0.8.jar:?]
	at cpw.mods.securejarhandler/cpw.mods.cl.ModuleClassLoader.loadFromModule(ModuleClassLoader.java:311) ~[securejarhandler-3.0.8.jar:?]
	at cpw.mods.securejarhandler/cpw.mods.cl.ModuleClassLoader.findClass(ModuleClassLoader.java:298) ~[securejarhandler-3.0.8.jar:?]
	at cpw.mods.securejarhandler/cpw.mods.cl.ModuleClassLoader.loadClass(ModuleClassLoader.java:214) ~[securejarhandler-3.0.8.jar:?]
	at java.base/java.lang.ClassLoader.loadClass(ClassLoader.java:526) ~[?:?]
	at TRANSFORMER/minecraft@1.21.1/net.minecraft.util.datafix.schemas.V1460.modify$bce000$curios$attachCuriosFixer(V1460.java:540) ~[client-1.21.1-20240808.144430-srg.jar%23205!/:?]
	at TRANSFORMER/minecraft@1.21.1/net.minecraft.util.datafix.schemas.V1460.lambda$registerTypes$30(V1460.java:280) ~[client-1.21.1-20240808.144430-srg.jar%23205!/:?]
	at MC-BOOTSTRAP/datafixerupper@8.0.16/com.mojang.datafixers.schemas.Schema.resolveTemplate(Schema.java:91) ~[datafixerupper-8.0.16.jar%23150!/:?]
	at MC-BOOTSTRAP/datafixerupper@8.0.16/com.mojang.datafixers.schemas.Schema.getTemplate(Schema.java:103) ~[datafixerupper-8.0.16.jar%23150!/:?]
	at MC-BOOTSTRAP/datafixerupper@8.0.16/com.mojang.datafixers.schemas.Schema.buildTypes(Schema.java:59) ~[datafixerupper-8.0.16.jar%23150!/:?]
	at MC-BOOTSTRAP/datafixerupper@8.0.16/com.mojang.datafixers.schemas.Schema.<init>(Schema.java:38) ~[datafixerupper-8.0.16.jar%23150!/:?]
	at TRANSFORMER/minecraft@1.21.1/net.minecraft.util.datafix.schemas.NamespacedSchema.<init>(NamespacedSchema.java:14) ~[client-1.21.1-20240808.144430-srg.jar%23205!/:?]
	at TRANSFORMER/minecraft@1.21.1/net.minecraft.util.datafix.schemas.V1460.<init>(V1460.java:65) ~[client-1.21.1-20240808.144430-srg.jar%23205!/:?]
	at MC-BOOTSTRAP/datafixerupper@8.0.16/com.mojang.datafixers.DataFixerBuilder.addSchema(DataFixerBuilder.java:44) ~[datafixerupper-8.0.16.jar%23150!/:?]
	at MC-BOOTSTRAP/datafixerupper@8.0.16/com.mojang.datafixers.DataFixerBuilder.addSchema(DataFixerBuilder.java:38) ~[datafixerupper-8.0.16.jar%23150!/:?]
	at TRANSFORMER/minecraft@1.21.1/net.minecraft.util.datafix.DataFixers.addFixers(DataFixers.java:489) ~[client-1.21.1-20240808.144430-srg.jar%23205!/:?]
	at TRANSFORMER/minecraft@1.21.1/net.minecraft.util.datafix.DataFixers.createFixerUpper(DataFixers.java:330) ~[client-1.21.1-20240808.144430-srg.jar%23205!/:?]
	at TRANSFORMER/minecraft@1.21.1/net.minecraft.util.datafix.DataFixers.<clinit>(DataFixers.java:318) ~[client-1.21.1-20240808.144430-srg.jar%23205!/:?]
	at TRANSFORMER/minecraft@1.21.1/net.minecraft.client.main.Main.main(Main.java:110) ~[client-1.21.1-20240808.144430-srg.jar%23205!/:?]
	at java.base/jdk.internal.reflect.DirectMethodHandleAccessor.invoke(DirectMethodHandleAccessor.java:103) ~[?:?]
	at java.base/java.lang.reflect.Method.invoke(Method.java:580) ~[?:?]
	at MC-BOOTSTRAP/fml_loader@4.0.42/net.neoforged.fml.loading.targets.CommonLaunchHandler.runTarget(CommonLaunchHandler.java:136) ~[loader-4.0.42.jar%23107!/:4.0]
	at MC-BOOTSTRAP/fml_loader@4.0.42/net.neoforged.fml.loading.targets.CommonLaunchHandler.clientService(CommonLaunchHandler.java:124) ~[loader-4.0.42.jar%23107!/:4.0]
	at MC-BOOTSTRAP/fml_loader@4.0.42/net.neoforged.fml.loading.targets.CommonClientLaunchHandler.runService(CommonClientLaunchHandler.java:32) ~[loader-4.0.42.jar%23107!/:4.0]
	at MC-BOOTSTRAP/fml_loader@4.0.42/net.neoforged.fml.loading.targets.CommonLaunchHandler.lambda$launchService$4(CommonLaunchHandler.java:118) ~[loader-4.0.42.jar%23107!/:4.0]
	at MC-BOOTSTRAP/cpw.mods.modlauncher@11.0.5/cpw.mods.modlauncher.LaunchServiceHandlerDecorator.launch(LaunchServiceHandlerDecorator.java:30) [modlauncher-11.0.5.jar%23112!/:?]
	at MC-BOOTSTRAP/cpw.mods.modlauncher@11.0.5/cpw.mods.modlauncher.LaunchServiceHandler.launch(LaunchServiceHandler.java:53) [modlauncher-11.0.5.jar%23112!/:?]
	at MC-BOOTSTRAP/cpw.mods.modlauncher@11.0.5/cpw.mods.modlauncher.LaunchServiceHandler.launch(LaunchServiceHandler.java:71) [modlauncher-11.0.5.jar%23112!/:?]
	at MC-BOOTSTRAP/cpw.mods.modlauncher@11.0.5/cpw.mods.modlauncher.Launcher.run(Launcher.java:103) [modlauncher-11.0.5.jar%23112!/:?]
	at MC-BOOTSTRAP/cpw.mods.modlauncher@11.0.5/cpw.mods.modlauncher.Launcher.main(Launcher.java:74) [modlauncher-11.0.5.jar%23112!/:?]
	at MC-BOOTSTRAP/cpw.mods.modlauncher@11.0.5/cpw.mods.modlauncher.BootstrapLaunchConsumer.accept(BootstrapLaunchConsumer.java:26) [modlauncher-11.0.5.jar%23112!/:?]
	at MC-BOOTSTRAP/cpw.mods.modlauncher@11.0.5/cpw.mods.modlauncher.BootstrapLaunchConsumer.accept(BootstrapLaunchConsumer.java:23) [modlauncher-11.0.5.jar%23112!/:?]
	at cpw.mods.bootstraplauncher@2.0.2/cpw.mods.bootstraplauncher.BootstrapLauncher.run(BootstrapLauncher.java:210) [bootstraplauncher-2.0.2.jar:?]
	at cpw.mods.bootstraplauncher@2.0.2/cpw.mods.bootstraplauncher.BootstrapLauncher.main(BootstrapLauncher.java:69) [bootstraplauncher-2.0.2.jar:?]
[117月2026 21:27:09.301] [main/DEBUG] [mixin/]: Mixing MixinSystemReport from mixins.iris.json into net.minecraft.SystemReport
[117月2026 21:27:09.301] [main/DEBUG] [mixin/]: mixins.iris.json:MixinSystemReport from mod iris: Class version 65 required is higher than the class version supported by the current version of Mixin (JAVA_8 supports class version 52)
[117月2026 21:27:09.303] [main/DEBUG] [mixin/]: Renaming synthetic method lambda$fillSystemDetails$1()Ljava/lang/String; to md9352aa$iris$lambda$fillSystemDetails$1$0 in mixins.iris.json:MixinSystemReport from mod iris
[117月2026 21:27:09.303] [main/DEBUG] [mixin/]: Renaming synthetic method lambda$fillSystemDetails$0(Ljava/lang/StringBuilder;Lnet/irisshaders/iris/shaderpack/ShaderPack;)V to md9352aa$iris$lambda$fillSystemDetails$0$1 in mixins.iris.json:MixinSystemReport from mod iris
[117月2026 21:27:09.306] [main/DEBUG] [mixin/]: mixins.iris.json:MixinSystemReport from mod iris->@Inject::fillSystemDetails(Lorg/spongepowered/asm/mixin/injection/callback/CallbackInfo;)V doesn't use it's CallbackInfo
[117月2026 21:27:09.306] [main/DEBUG] [mixin/]: mixins.iris.json:MixinSystemReport from mod iris->@Inject::fillSystemDetails(Lorg/spongepowered/asm/mixin/injection/callback/CallbackInfo;)V has 0 override(s) in child classes
[117月2026 21:27:09.306] [main/DEBUG] [mixin/]: mixins.iris.json:MixinSystemReport from mod iris->@Inject::fillSystemDetails(Lorg/spongepowered/asm/mixin/injection/callback/CallbackInfo;)V won't be passed a CallbackInfo as a result
[117月2026 21:27:09.341] [main/DEBUG] [oshi.util.FileUtil/]: No oshi.properties file found from ClassLoader cpw.mods.modlauncher.TransformingClassLoader@42714a7
[117月2026 21:27:09.575] [main/DEBUG] [oshi.util.FileUtil/]: No oshi.architecture.properties file found from ClassLoader cpw.mods.modlauncher.TransformingClassLoader@42714a7
[117月2026 21:27:09.675] [main/DEBUG] [mixin/]: Mixing MixinRenderTarget from mixins.iris.json into com.mojang.blaze3d.pipeline.RenderTarget
[117月2026 21:27:09.676] [main/DEBUG] [mixin/]: mixins.iris.json:MixinRenderTarget from mod iris: Class version 65 required is higher than the class version supported by the current version of Mixin (JAVA_8 supports class version 52)
[117月2026 21:27:09.677] [main/DEBUG] [mixin/]: Mixing state_tracking.MixinRenderTarget from mixins.iris.json into com.mojang.blaze3d.pipeline.RenderTarget
[117月2026 21:27:09.677] [main/DEBUG] [mixin/]: mixins.iris.json:state_tracking.MixinRenderTarget from mod iris: Class version 65 required is higher than the class version supported by the current version of Mixin (JAVA_8 supports class version 52)
[117月2026 21:27:09.677] [main/DEBUG] [mixin/]: Renaming synthetic method lambda$iris$onBindFramebuffer$0(ZLnet/irisshaders/iris/pipeline/WorldRenderingPipeline;)V to md9352aa$iris$lambda$iris$onBindFramebuffer$0$0 in mixins.iris.json:state_tracking.MixinRenderTarget from mod iris
[117月2026 21:27:09.678] [main/DEBUG] [mixin/]: Mixing accessor.FramebufferRenderTargetAccessor from veil.framebuffer.mixins.json into com.mojang.blaze3d.pipeline.RenderTarget
[117月2026 21:27:09.678] [main/DEBUG] [mixin/]: Mixing client.PerformanceRenderTargetMixin from veil.performance.mixins.json into com.mojang.blaze3d.pipeline.RenderTarget
[117月2026 21:27:09.685] [main/DEBUG] [mixin/]: Mixing client.PipelineRenderTargetMixin from veil.pipeline.mixins.json into com.mojang.blaze3d.pipeline.RenderTarget
[117月2026 21:27:09.688] [main/DEBUG] [mixin/]: Mixing features.render.compositing.RenderTargetMixin from sodium-common.mixins.json into com.mojang.blaze3d.pipeline.RenderTarget
[117月2026 21:27:09.700] [main/DEBUG] [mixin/]: mixins.iris.json:MixinRenderTarget from mod iris->@Inject::iris$onDestroyBuffers(Lorg/spongepowered/asm/mixin/injection/callback/CallbackInfo;)V doesn't use it's CallbackInfo
[117月2026 21:27:09.701] [main/DEBUG] [mixin/]: mixins.iris.json:MixinRenderTarget from mod iris->@Inject::iris$onDestroyBuffers(Lorg/spongepowered/asm/mixin/injection/callback/CallbackInfo;)V has 0 override(s) in child classes
[117月2026 21:27:09.701] [main/DEBUG] [mixin/]: mixins.iris.json:MixinRenderTarget from mod iris->@Inject::iris$onDestroyBuffers(Lorg/spongepowered/asm/mixin/injection/callback/CallbackInfo;)V won't be passed a CallbackInfo as a result
[117月2026 21:27:09.701] [main/DEBUG] [mixin/]: mixins.iris.json:MixinRenderTarget from mod iris->@Inject::nameDepthBuffer(IIZLorg/spongepowered/asm/mixin/injection/callback/CallbackInfo;)V doesn't use it's CallbackInfo
[117月2026 21:27:09.701] [main/DEBUG] [mixin/]: mixins.iris.json:MixinRenderTarget from mod iris->@Inject::nameDepthBuffer(IIZLorg/spongepowered/asm/mixin/injection/callback/CallbackInfo;)V has 0 override(s) in child classes
[117月2026 21:27:09.701] [main/DEBUG] [mixin/]: mixins.iris.json:MixinRenderTarget from mod iris->@Inject::nameDepthBuffer(IIZLorg/spongepowered/asm/mixin/injection/callback/CallbackInfo;)V won't be passed a CallbackInfo as a result
[117月2026 21:27:09.701] [main/DEBUG] [mixin/]: mixins.iris.json:state_tracking.MixinRenderTarget from mod iris->@Inject::iris$onBindFramebuffer(ZLorg/spongepowered/asm/mixin/injection/callback/CallbackInfo;)V doesn't use it's CallbackInfo
[117月2026 21:27:09.701] [main/DEBUG] [mixin/]: mixins.iris.json:state_tracking.MixinRenderTarget from mod iris->@Inject::iris$onBindFramebuffer(ZLorg/spongepowered/asm/mixin/injection/callback/CallbackInfo;)V has 0 override(s) in child classes
[117月2026 21:27:09.701] [main/DEBUG] [mixin/]: mixins.iris.json:state_tracking.MixinRenderTarget from mod iris->@Inject::iris$onBindFramebuffer(ZLorg/spongepowered/asm/mixin/injection/callback/CallbackInfo;)V won't be passed a CallbackInfo as a result
[117月2026 21:27:09.701] [main/DEBUG] [mixin/]: veil.performance.mixins.json:client.PerformanceRenderTargetMixin from mod veil->@Inject::copyDepthFrom(Lcom/mojang/blaze3d/pipeline/RenderTarget;Lorg/spongepowered/asm/mixin/injection/callback/CallbackInfo;)V does use it's CallbackInfo
[117月2026 21:27:09.701] [main/DEBUG] [mixin/]: veil.performance.mixins.json:client.PerformanceRenderTargetMixin from mod veil->@Inject::clear(ZLorg/spongepowered/asm/mixin/injection/callback/CallbackInfo;)V does use it's CallbackInfo
[117月2026 21:27:09.701] [main/DEBUG] [mixin/]: veil.performance.mixins.json:client.PerformanceRenderTargetMixin from mod veil->@Inject::_blitToScreen(IIZLorg/spongepowered/asm/mixin/injection/callback/CallbackInfo;)V does use it's CallbackInfo
[117月2026 21:27:09.701] [main/DEBUG] [mixin/]: veil.pipeline.mixins.json:client.PipelineRenderTargetMixin from mod veil->@Inject::destroyBuffers(Lorg/spongepowered/asm/mixin/injection/callback/CallbackInfo;)V doesn't use it's CallbackInfo
[117月2026 21:27:09.701] [main/DEBUG] [mixin/]: veil.pipeline.mixins.json:client.PipelineRenderTargetMixin from mod veil->@Inject::destroyBuffers(Lorg/spongepowered/asm/mixin/injection/callback/CallbackInfo;)V has 0 override(s) in child classes
[117月2026 21:27:09.701] [main/DEBUG] [mixin/]: veil.pipeline.mixins.json:client.PipelineRenderTargetMixin from mod veil->@Inject::destroyBuffers(Lorg/spongepowered/asm/mixin/injection/callback/CallbackInfo;)V won't be passed a CallbackInfo as a result
[117月2026 21:27:09.701] [main/DEBUG] [mixin/]: veil.pipeline.mixins.json:client.PipelineRenderTargetMixin from mod veil->@Inject::createBuffers(Lorg/spongepowered/asm/mixin/injection/callback/CallbackInfo;)V doesn't use it's CallbackInfo
[117月2026 21:27:09.701] [main/DEBUG] [mixin/]: veil.pipeline.mixins.json:client.PipelineRenderTargetMixin from mod veil->@Inject::createBuffers(Lorg/spongepowered/asm/mixin/injection/callback/CallbackInfo;)V has 0 override(s) in child classes
[117月2026 21:27:09.701] [main/DEBUG] [mixin/]: veil.pipeline.mixins.json:client.PipelineRenderTargetMixin from mod veil->@Inject::createBuffers(Lorg/spongepowered/asm/mixin/injection/callback/CallbackInfo;)V won't be passed a CallbackInfo as a result
[117月2026 21:27:09.701] [main/DEBUG] [mixin/]: veil.pipeline.mixins.json:client.PipelineRenderTargetMixin from mod veil->@Inject::bindRead(Lorg/spongepowered/asm/mixin/injection/callback/CallbackInfo;)V does use it's CallbackInfo
[117月2026 21:27:09.701] [main/DEBUG] [mixin/]: veil.pipeline.mixins.json:client.PipelineRenderTargetMixin from mod veil->@Inject::bindWrite(ZLorg/spongepowered/asm/mixin/injection/callback/CallbackInfo;)V does use it's CallbackInfo
[117月2026 21:27:09.701] [main/DEBUG] [mixin/]: veil.pipeline.mixins.json:client.PipelineRenderTargetMixin from mod veil->@Inject::getColorTextureId(Lorg/spongepowered/asm/mixin/injection/callback/CallbackInfoReturnable;)V does use it's CallbackInfoReturnable
[117月2026 21:27:09.701] [main/DEBUG] [mixin/]: veil.pipeline.mixins.json:client.PipelineRenderTargetMixin from mod veil->@Inject::getDepthTextureId(Lorg/spongepowered/asm/mixin/injection/callback/CallbackInfoReturnable;)V does use it's CallbackInfoReturnable
[117月2026 21:27:09.702] [main/DEBUG] [mixin/]: sodium-common.mixins.json:features.render.compositing.RenderTargetMixin from mod sodium->@Inject::blitToScreen(IIZLorg/spongepowered/asm/mixin/injection/callback/CallbackInfo;)V does use it's CallbackInfo
[117月2026 21:27:09.706] [main/DEBUG] [mixin/]: Mixing ui.ChatScreenMixin from owo.mixins.json into net.minecraft.client.gui.screens.ChatScreen
[117月2026 21:27:09.706] [main/DEBUG] [mixin/]: owo.mixins.json:ui.ChatScreenMixin from mod owo: Class version 65 required is higher than the class version supported by the current version of Mixin (JAVA_16 supports class version 60)
[117月2026 21:27:09.707] [main/DEBUG] [mixin/]: owo.mixins.json:ui.ChatScreenMixin from mod owo->@Inject::cancelClose(IIILorg/spongepowered/asm/mixin/injection/callback/CallbackInfoReturnable;)V does use it's CallbackInfoReturnable
[117月2026 21:27:09.709] [main/DEBUG] [mixin/]: owo.mixins.json:ui.ChatScreenMixin from mod owo->@Inject::cancelClose(IIILorg/spongepowered/asm/mixin/injection/callback/CallbackInfoReturnable;)V does use it's CallbackInfoReturnable
[117月2026 21:27:09.710] [main/DEBUG] [mixin/]: Mixing entity.entity_sublevel_collision.LevelMixin from sable.mixins.json into net.minecraft.world.level.Level
[117月2026 21:27:09.710] [main/DEBUG] [mixin/]: Mixing world_border.LevelMixin from sable.mixins.json into net.minecraft.world.level.Level
[117月2026 21:27:09.714] [main/DEBUG] [mixin/]: sable.mixins.json:world_border.LevelMixin from mod sable->@Inject::sable$initializeWorldBorder(Lnet/minecraft/world/level/storage/WritableLevelData;Lnet/minecraft/resources/ResourceKey;Lnet/minecraft/core/RegistryAccess;Lnet/minecraft/core/Holder;Ljava/util/function/Supplier;ZZJILorg/spongepowered/asm/mixin/injection/callback/CallbackInfo;)V doesn't use it's CallbackInfo
[117月2026 21:27:09.714] [main/DEBUG] [mixin/]: sable.mixins.json:world_border.LevelMixin from mod sable->@Inject::sable$initializeWorldBorder(Lnet/minecraft/world/level/storage/WritableLevelData;Lnet/minecraft/resources/ResourceKey;Lnet/minecraft/core/RegistryAccess;Lnet/minecraft/core/Holder;Ljava/util/function/Supplier;ZZJILorg/spongepowered/asm/mixin/injection/callback/CallbackInfo;)V has 0 override(s) in child classes
[117月2026 21:27:09.714] [main/DEBUG] [mixin/]: sable.mixins.json:world_border.LevelMixin from mod sable->@Inject::sable$initializeWorldBorder(Lnet/minecraft/world/level/storage/WritableLevelData;Lnet/minecraft/resources/ResourceKey;Lnet/minecraft/core/RegistryAccess;Lnet/minecraft/core/Holder;Ljava/util/function/Supplier;ZZJILorg/spongepowered/asm/mixin/injection/callback/CallbackInfo;)V won't be passed a CallbackInfo as a result
[117月2026 21:27:09.717] [main/DEBUG] [mixin/]: Mixing block_placement.EntityGetterMixin from sable.mixins.json into net.minecraft.world.level.EntityGetter
[117月2026 21:27:09.719] [main/DEBUG] [mixin/]: Mixing WorldViewMixin from fabric-rendering-data-attachment-v1.mixins.json into net.minecraft.world.level.LevelReader
[117月2026 21:27:09.720] [main/DEBUG] [mixin/]: fabric-rendering-data-attachment-v1.mixins.json:WorldViewMixin from mod fabric_rendering_data_attachment_v1: Class version 65 required is higher than the class version supported by the current version of Mixin (JAVA_17 supports class version 61)
[117月2026 21:27:09.721] [main/DEBUG] [mixin/]: Mixing plot.lighting.BlockAndTintGetterMixin from sable.mixins.json into net.minecraft.world.level.BlockAndTintGetter
[117月2026 21:27:09.724] [main/DEBUG] [mixin/]: Mixing BlockViewMixin from fabric-block-view-api-v2.mixins.json into net.minecraft.world.level.BlockGetter
[117月2026 21:27:09.724] [main/DEBUG] [mixin/]: fabric-block-view-api-v2.mixins.json:BlockViewMixin from mod fabric_block_view_api_v2: Class version 65 required is higher than the class version supported by the current version of Mixin (JAVA_17 supports class version 61)
[117月2026 21:27:09.724] [main/DEBUG] [mixin/]: Mixing clip_overwrite.BlockGetterMixin from sable.mixins.json into net.minecraft.world.level.BlockGetter
[117月2026 21:27:09.724] [main/DEBUG] [mixin/]: Renaming synthetic method lambda$originalClip$1(Lnet/minecraft/world/level/ClipContext;)Lnet/minecraft/world/phys/BlockHitResult; to md9352aa$sable$lambda$originalClip$1$0 in sable.mixins.json:clip_overwrite.BlockGetterMixin from mod sable
[117月2026 21:27:09.724] [main/DEBUG] [mixin/]: Renaming synthetic method lambda$originalClip$0(Lnet/minecraft/world/level/BlockGetter;Lnet/minecraft/world/level/ClipContext;Lnet/minecraft/core/BlockPos;)Lnet/minecraft/world/phys/BlockHitResult; to md9352aa$sable$lambda$originalClip$0$1 in sable.mixins.json:clip_overwrite.BlockGetterMixin from mod sable
[117月2026 21:27:09.740] [main/DEBUG] [mixin/]: Mixing entity.entity_aabb_lookup.LevelsMixin from sable.mixins.json into net.minecraft.client.multiplayer.ClientLevel
[117月2026 21:27:09.740] [main/DEBUG] [mixin/]: Mixing plot.LevelsMixin from sable.mixins.json into net.minecraft.client.multiplayer.ClientLevel
[117月2026 21:27:09.742] [main/DEBUG] [mixin/]: Mixing water_occlusion.LevelsMixin from sable.mixins.json into net.minecraft.client.multiplayer.ClientLevel
[117月2026 21:27:09.744] [main/DEBUG] [mixin/]: Mixing clip_overwrite.ClientLevelMixin from sable.mixins.json into net.minecraft.client.multiplayer.ClientLevel
[117月2026 21:27:09.747] [main/DEBUG] [mixin/]: Mixing particle.ClientLevelMixin from sable.mixins.json into net.minecraft.client.multiplayer.ClientLevel
[117月2026 21:27:09.749] [main/DEBUG] [mixin/]: Mixing sublevel_sounds.ClientLevelMixin from sable.mixins.json into net.minecraft.client.multiplayer.ClientLevel
[117月2026 21:27:09.750] [main/DEBUG] [mixin/]: Mixing block_rendering.MixinClientLevel from mixins.iris.vertexformat.json into net.minecraft.client.multiplayer.ClientLevel
[117月2026 21:27:09.750] [main/DEBUG] [mixin/]: mixins.iris.vertexformat.json:block_rendering.MixinClientLevel from mod iris: Class version 65 required is higher than the class version supported by the current version of Mixin (JAVA_8 supports class version 52)
[117月2026 21:27:09.750] [main/DEBUG] [mixin/]: Mixing client.NecromancerClientLevelMixin from veil.necromancer.mixins.json into net.minecraft.client.multiplayer.ClientLevel
[117月2026 21:27:09.750] [main/DEBUG] [mixin/]: Mixing core.world.biome.ClientLevelMixin from sodium-common.mixins.json into net.minecraft.client.multiplayer.ClientLevel
[117月2026 21:27:09.751] [main/DEBUG] [mixin/]: Mixing core.world.map.ClientLevelMixin from sodium-common.mixins.json into net.minecraft.client.multiplayer.ClientLevel
[117月2026 21:27:09.759] [main/DEBUG] [mixin/]: sable.mixins.json:entity.entity_aabb_lookup.LevelsMixin from mod sable->@Inject::sable$postGetEntities(Lorg/spongepowered/asm/mixin/injection/callback/CallbackInfoReturnable;)V does use it's CallbackInfoReturnable
[117月2026 21:27:09.759] [main/DEBUG] [mixin/]: sable.mixins.json:particle.ClientLevelMixin from mod sable->@Inject::sable$subLevelAnimateTick(IIILorg/spongepowered/asm/mixin/injection/callback/CallbackInfo;)V doesn't use it's CallbackInfo
[117月2026 21:27:09.759] [main/DEBUG] [mixin/]: sable.mixins.json:particle.ClientLevelMixin from mod sable->@Inject::sable$subLevelAnimateTick(IIILorg/spongepowered/asm/mixin/injection/callback/CallbackInfo;)V has 0 override(s) in child classes
[117月2026 21:27:09.759] [main/DEBUG] [mixin/]: sable.mixins.json:particle.ClientLevelMixin from mod sable->@Inject::sable$subLevelAnimateTick(IIILorg/spongepowered/asm/mixin/injection/callback/CallbackInfo;)V won't be passed a CallbackInfo as a result
[117月2026 21:27:09.759] [main/DEBUG] [mixin/]: veil.necromancer.mixins.json:client.NecromancerClientLevelMixin from mod veil->@Inject::addEntity(Lnet/minecraft/world/entity/Entity;Lorg/spongepowered/asm/mixin/injection/callback/CallbackInfo;)V doesn't use it's CallbackInfo
[117月2026 21:27:09.759] [main/DEBUG] [mixin/]: veil.necromancer.mixins.json:client.NecromancerClientLevelMixin from mod veil->@Inject::addEntity(Lnet/minecraft/world/entity/Entity;Lorg/spongepowered/asm/mixin/injection/callback/CallbackInfo;)V has 0 override(s) in child classes
[117月2026 21:27:09.759] [main/DEBUG] [mixin/]: veil.necromancer.mixins.json:client.NecromancerClientLevelMixin from mod veil->@Inject::addEntity(Lnet/minecraft/world/entity/Entity;Lorg/spongepowered/asm/mixin/injection/callback/CallbackInfo;)V won't be passed a CallbackInfo as a result
[117月2026 21:27:09.759] [main/DEBUG] [mixin/]: sodium-common.mixins.json:core.world.biome.ClientLevelMixin from mod sodium->@Inject::captureSeed(Lnet/minecraft/client/multiplayer/ClientPacketListener;Lnet/minecraft/client/multiplayer/ClientLevel$ClientLevelData;Lnet/minecraft/resources/ResourceKey;Lnet/minecraft/core/Holder;IILjava/util/function/Supplier;Lnet/minecraft/client/renderer/LevelRenderer;ZJLorg/spongepowered/asm/mixin/injection/callback/CallbackInfo;)V doesn't use it's CallbackInfo
[117月2026 21:27:09.759] [main/DEBUG] [mixin/]: sodium-common.mixins.json:core.world.biome.ClientLevelMixin from mod sodium->@Inject::captureSeed(Lnet/minecraft/client/multiplayer/ClientPacketListener;Lnet/minecraft/client/multiplayer/ClientLevel$ClientLevelData;Lnet/minecraft/resources/ResourceKey;Lnet/minecraft/core/Holder;IILjava/util/function/Supplier;Lnet/minecraft/client/renderer/LevelRenderer;ZJLorg/spongepowered/asm/mixin/injection/callback/CallbackInfo;)V has 0 override(s) in child classes
[117月2026 21:27:09.759] [main/DEBUG] [mixin/]: sodium-common.mixins.json:core.world.biome.ClientLevelMixin from mod sodium->@Inject::captureSeed(Lnet/minecraft/client/multiplayer/ClientPacketListener;Lnet/minecraft/client/multiplayer/ClientLevel$ClientLevelData;Lnet/minecraft/resources/ResourceKey;Lnet/minecraft/core/Holder;IILjava/util/function/Supplier;Lnet/minecraft/client/renderer/LevelRenderer;ZJLorg/spongepowered/asm/mixin/injection/callback/CallbackInfo;)V won't be passed a CallbackInfo as a result
[117月2026 21:27:09.759] [main/DEBUG] [mixin/]: sodium-common.mixins.json:core.world.map.ClientLevelMixin from mod sodium->@Inject::sodium$trackChunkUnload(Lnet/minecraft/world/level/chunk/LevelChunk;Lorg/spongepowered/asm/mixin/injection/callback/CallbackInfo;)V doesn't use it's CallbackInfo
[117月2026 21:27:09.759] [main/DEBUG] [mixin/]: sodium-common.mixins.json:core.world.map.ClientLevelMixin from mod sodium->@Inject::sodium$trackChunkUnload(Lnet/minecraft/world/level/chunk/LevelChunk;Lorg/spongepowered/asm/mixin/injection/callback/CallbackInfo;)V has 0 override(s) in child classes
[117月2026 21:27:09.759] [main/DEBUG] [mixin/]: sodium-common.mixins.json:core.world.map.ClientLevelMixin from mod sodium->@Inject::sodium$trackChunkUnload(Lnet/minecraft/world/level/chunk/LevelChunk;Lorg/spongepowered/asm/mixin/injection/callback/CallbackInfo;)V won't be passed a CallbackInfo as a result
[117月2026 21:27:09.765] [main/DEBUG] [mixin/]: Mixing MixinTitleScreen from mixins.iris.json into net.minecraft.client.gui.screens.TitleScreen
[117月2026 21:27:09.765] [main/DEBUG] [mixin/]: mixins.iris.json:MixinTitleScreen from mod iris: Class version 65 required is higher than the class version supported by the current version of Mixin (JAVA_8 supports class version 52)
[117月2026 21:27:09.766] [main/DEBUG] [mixin/]: mixins.iris.json:MixinTitleScreen from mod iris->@Inject::iris$firstInit(Lorg/spongepowered/asm/mixin/injection/callback/CallbackInfo;)V doesn't use it's CallbackInfo
[117月2026 21:27:09.766] [main/DEBUG] [mixin/]: mixins.iris.json:MixinTitleScreen from mod iris->@Inject::iris$firstInit(Lorg/spongepowered/asm/mixin/injection/callback/CallbackInfo;)V has 0 override(s) in child classes
[117月2026 21:27:09.766] [main/DEBUG] [mixin/]: mixins.iris.json:MixinTitleScreen from mod iris->@Inject::iris$firstInit(Lorg/spongepowered/asm/mixin/injection/callback/CallbackInfo;)V won't be passed a CallbackInfo as a result
[117月2026 21:27:09.773] [main/DEBUG] [mixin/]: Mixing MixinPlayerEntity from entity_model_features.mixins.json into net.minecraft.world.entity.player.Player
[117月2026 21:27:09.773] [main/DEBUG] [mixin/]: entity_model_features.mixins.json:MixinPlayerEntity from mod entity_model_features: Class version 65 required is higher than the class version supported by the current version of Mixin (JAVA_17 supports class version 61)
[117月2026 21:27:09.776] [main/DEBUG] [mixin/]: Mixing entity.misc.MixinPlayerEntity from entity_texture_features.mixins.json into net.minecraft.world.entity.player.Player
[117月2026 21:27:09.776] [main/DEBUG] [mixin/]: entity_texture_features.mixins.json:entity.misc.MixinPlayerEntity from mod entity_texture_features: Class version 65 required is higher than the class version supported by the current version of Mixin (JAVA_16 supports class version 60)
[117月2026 21:27:09.787] [main/DEBUG] [mixin/]: Mixing entity.entity_rotations_and_riding.PlayerMixin from sable.mixins.json into net.minecraft.world.entity.player.Player
[117月2026 21:27:09.789] [main/DEBUG] [mixin/]: Mixing entity.entity_sublevel_collision.PlayerMixin from sable.mixins.json into net.minecraft.world.entity.player.Player
[117月2026 21:27:09.797] [main/DEBUG] [mixin/]: Mixing interaction_distance.PlayerMixin from sable.mixins.json into net.minecraft.world.entity.player.Player
[117月2026 21:27:09.801] [main/DEBUG] [mixin/]: Mixing player_freezing.PlayerMixin from sable.mixins.json into net.minecraft.world.entity.player.Player
[117月2026 21:27:09.802] [main/DEBUG] [mixin/]: Mixing player_standup.PlayerMixin from sable.mixins.json into net.minecraft.world.entity.player.Player
[117月2026 21:27:09.806] [main/DEBUG] [mixin/]: Mixing ability.posteatingeffects.PlayerMixin from mixins.artifacts.common.json into net.minecraft.world.entity.player.Player
[117月2026 21:27:09.806] [main/DEBUG] [mixin/]: Mixing attribute.PlayerMixin from mixins.artifacts.common.json into net.minecraft.world.entity.player.Player
[117月2026 21:27:09.807] [main/DEBUG] [mixin/]: Mixing mobeffect.magnetism.PlayerMixin from mixins.artifacts.common.json into net.minecraft.world.entity.player.Player
[117月2026 21:27:09.807] [main/DEBUG] [mixin/]: Mixing ability.sinking.PlayerMixin from mixins.artifacts.neoforge.json into net.minecraft.world.entity.player.Player
[117月2026 21:27:09.808] [main/DEBUG] [mixin/]: Mixing swimming.PlayerMixin from expandability-common.mixins.json into net.minecraft.world.entity.player.Player
[117月2026 21:27:09.808] [main/DEBUG] [mixin/]: expandability-common.mixins.json:swimming.PlayerMixin from mod expandability: Class version 65 required is higher than the class version supported by the current version of Mixin (JAVA_17 supports class version 61)
[117月2026 21:27:09.817] [main/DEBUG] [mixin/]: entity_model_features.mixins.json:MixinPlayerEntity from mod entity_model_features->@Inject::emf$injected(Lorg/spongepowered/asm/mixin/injection/callback/CallbackInfoReturnable;)V doesn't use it's CallbackInfoReturnable
[117月2026 21:27:09.817] [main/DEBUG] [mixin/]: entity_model_features.mixins.json:MixinPlayerEntity from mod entity_model_features->@Inject::emf$injected(Lorg/spongepowered/asm/mixin/injection/callback/CallbackInfoReturnable;)V has 0 override(s) in child classes
[117月2026 21:27:09.817] [main/DEBUG] [mixin/]: entity_model_features.mixins.json:MixinPlayerEntity from mod entity_model_features->@Inject::emf$injected(Lorg/spongepowered/asm/mixin/injection/callback/CallbackInfoReturnable;)V won't be passed a CallbackInfoReturnable as a result
[117月2026 21:27:09.818] [main/DEBUG] [mixin/]: entity_texture_features.mixins.json:entity.misc.MixinPlayerEntity from mod entity_texture_features->@Inject::etf$injected(Lorg/spongepowered/asm/mixin/injection/callback/CallbackInfoReturnable;)V doesn't use it's CallbackInfoReturnable
[117月2026 21:27:09.818] [main/DEBUG] [mixin/]: entity_texture_features.mixins.json:entity.misc.MixinPlayerEntity from mod entity_texture_features->@Inject::etf$injected(Lorg/spongepowered/asm/mixin/injection/callback/CallbackInfoReturnable;)V has 0 override(s) in child classes
[117月2026 21:27:09.818] [main/DEBUG] [mixin/]: entity_texture_features.mixins.json:entity.misc.MixinPlayerEntity from mod entity_texture_features->@Inject::etf$injected(Lorg/spongepowered/asm/mixin/injection/callback/CallbackInfoReturnable;)V won't be passed a CallbackInfoReturnable as a result
[117月2026 21:27:09.818] [main/DEBUG] [mixin/]: sable.mixins.json:entity.entity_rotations_and_riding.PlayerMixin from mod sable->@Inject::sable$storeUpDeltaMovement(Lnet/minecraft/world/phys/Vec3;Lorg/spongepowered/asm/mixin/injection/callback/CallbackInfo;)V doesn't use it's CallbackInfo
[117月2026 21:27:09.818] [main/DEBUG] [mixin/]: sable.mixins.json:entity.entity_rotations_and_riding.PlayerMixin from mod sable->@Inject::sable$storeUpDeltaMovement(Lnet/minecraft/world/phys/Vec3;Lorg/spongepowered/asm/mixin/injection/callback/CallbackInfo;)V has 0 override(s) in child classes
[117月2026 21:27:09.818] [main/DEBUG] [mixin/]: sable.mixins.json:entity.entity_rotations_and_riding.PlayerMixin from mod sable->@Inject::sable$storeUpDeltaMovement(Lnet/minecraft/world/phys/Vec3;Lorg/spongepowered/asm/mixin/injection/callback/CallbackInfo;)V won't be passed a CallbackInfo as a result
[117月2026 21:27:09.824] [main/DEBUG] [mixin/]: sable.mixins.json:entity.entity_sublevel_collision.PlayerMixin from mod sable->@Inject::sable$maybeBackOffFromEdge(Lnet/minecraft/world/phys/Vec3;Lnet/minecraft/world/entity/MoverType;Lorg/spongepowered/asm/mixin/injection/callback/CallbackInfoReturnable;)V does use it's CallbackInfoReturnable
[117月2026 21:27:09.824] [main/DEBUG] [mixin/]: sable.mixins.json:interaction_distance.PlayerMixin from mod sable->@Inject::sable$canInteractWithBlock(Lnet/minecraft/core/BlockPos;DLorg/spongepowered/asm/mixin/injection/callback/CallbackInfoReturnable;)V does use it's CallbackInfoReturnable
[117月2026 21:27:09.824] [main/DEBUG] [mixin/]: sable.mixins.json:interaction_distance.PlayerMixin from mod sable->@Inject::sable$canInteractWithEntity(Lnet/minecraft/world/phys/AABB;DLorg/spongepowered/asm/mixin/injection/callback/CallbackInfoReturnable;)V does use it's CallbackInfoReturnable
[117月2026 21:27:09.824] [main/DEBUG] [mixin/]: sable.mixins.json:player_freezing.PlayerMixin from mod sable->@Inject::sable$preFrozenTick(Lorg/spongepowered/asm/mixin/injection/callback/CallbackInfo;)V doesn't use it's CallbackInfo
[117月2026 21:27:09.825] [main/DEBUG] [mixin/]: sable.mixins.json:player_freezing.PlayerMixin from mod sable->@Inject::sable$preFrozenTick(Lorg/spongepowered/asm/mixin/injection/callback/CallbackInfo;)V has 0 override(s) in child classes
[117月2026 21:27:09.825] [main/DEBUG] [mixin/]: sable.mixins.json:player_freezing.PlayerMixin from mod sable->@Inject::sable$preFrozenTick(Lorg/spongepowered/asm/mixin/injection/callback/CallbackInfo;)V won't be passed a CallbackInfo as a result
[117月2026 21:27:09.825] [main/DEBUG] [mixin/]: mixins.artifacts.common.json:ability.posteatingeffects.PlayerMixin from mod artifacts->@Inject::eat(Lnet/minecraft/world/level/Level;Lnet/minecraft/world/item/ItemStack;Lnet/minecraft/world/food/FoodProperties;Lorg/spongepowered/asm/mixin/injection/callback/CallbackInfoReturnable;)V doesn't use it's CallbackInfoReturnable
[117月2026 21:27:09.825] [main/DEBUG] [mixin/]: mixins.artifacts.common.json:ability.posteatingeffects.PlayerMixin from mod artifacts->@Inject::eat(Lnet/minecraft/world/level/Level;Lnet/minecraft/world/item/ItemStack;Lnet/minecraft/world/food/FoodProperties;Lorg/spongepowered/asm/mixin/injection/callback/CallbackInfoReturnable;)V has 0 override(s) in child classes
[117月2026 21:27:09.825] [main/DEBUG] [mixin/]: mixins.artifacts.common.json:ability.posteatingeffects.PlayerMixin from mod artifacts->@Inject::eat(Lnet/minecraft/world/level/Level;Lnet/minecraft/world/item/ItemStack;Lnet/minecraft/world/food/FoodProperties;Lorg/spongepowered/asm/mixin/injection/callback/CallbackInfoReturnable;)V won't be passed a CallbackInfoReturnable as a result
[117月2026 21:27:09.825] [main/DEBUG] [mixin/]: mixins.artifacts.common.json:mobeffect.magnetism.PlayerMixin from mod artifacts->@Inject::setItemThrower(Lnet/minecraft/world/item/ItemStack;ZZLorg/spongepowered/asm/mixin/injection/callback/CallbackInfoReturnable;)V does use it's CallbackInfoReturnable
[117月2026 21:27:09.825] [main/DEBUG] [mixin/]: mixins.artifacts.common.json:mobeffect.magnetism.PlayerMixin from mod artifacts->@Inject::setItemThrower(Lnet/minecraft/world/item/ItemStack;ZZLorg/spongepowered/asm/mixin/injection/callback/CallbackInfoReturnable;)V does use it's CallbackInfoReturnable
[117月2026 21:27:09.834] [main/DEBUG] [mixin/]: Mixing climbing_sub_levels.LivingEntityMixin from sable.mixins.json into net.minecraft.world.entity.LivingEntity
[117月2026 21:27:09.836] [main/DEBUG] [mixin/]: Mixing entity.entities_stick_sublevels.LivingEntityMixin from sable.mixins.json into net.minecraft.world.entity.LivingEntity
[117月2026 21:27:09.837] [main/DEBUG] [mixin/]: Mixing entity.entities_stick_sublevels.effects.LivingEntityMixin from sable.mixins.json into net.minecraft.world.entity.LivingEntity
[117月2026 21:27:09.838] [main/DEBUG] [mixin/]: Mixing entity.entity_rotations_and_riding.LivingEntityMixin from sable.mixins.json into net.minecraft.world.entity.LivingEntity
[117月2026 21:27:09.839] [main/DEBUG] [mixin/]: Mixing entity.entity_sublevel_collision.LivingEntityMixin from sable.mixins.json into net.minecraft.world.entity.LivingEntity
[117月2026 21:27:09.842] [main/DEBUG] [mixin/]: Mixing respawn_point.sleeping.LivingEntityMixin from sable.mixins.json into net.minecraft.world.entity.LivingEntity
[117月2026 21:27:09.843] [main/DEBUG] [mixin/]: Mixing entities_stick_sublevels.effects.LivingEntityMixin from sable-neoforge.mixins.json into net.minecraft.world.entity.LivingEntity
[117月2026 21:27:09.843] [main/DEBUG] [mixin/]: Mixing MixinLivingEntity from curios.neoforge.mixins.json into net.minecraft.world.entity.LivingEntity
[117月2026 21:27:09.843] [main/DEBUG] [mixin/]: Mixing ability.LivingEntityMixin from mixins.artifacts.common.json into net.minecraft.world.entity.LivingEntity
[117月2026 21:27:09.844] [main/DEBUG] [mixin/]: Mixing ability.deathprotectionteleport.LivingEntityMixin from mixins.artifacts.common.json into net.minecraft.world.entity.LivingEntity
[117月2026 21:27:09.845] [main/DEBUG] [mixin/]: Mixing ability.hurtsound.LivingEntityMixin from mixins.artifacts.common.json into net.minecraft.world.entity.LivingEntity
[117月2026 21:27:09.846] [main/DEBUG] [mixin/]: Mixing accessors.LivingEntityAccessor from mixins.artifacts.common.json into net.minecraft.world.entity.LivingEntity
[117月2026 21:27:09.846] [main/DEBUG] [mixin/]: Mixing attribute.LivingEntityMixin from mixins.artifacts.common.json into net.minecraft.world.entity.LivingEntity
[117月2026 21:27:09.846] [main/DEBUG] [mixin/]: Mixing attribute.invincibilityticks.LivingEntityMixin from mixins.artifacts.common.json into net.minecraft.world.entity.LivingEntity
[117月2026 21:27:09.846] [main/DEBUG] [mixin/]: Mixing ability.hurtsound.client.LivingEntityMixin from mixins.artifacts.common.json into net.minecraft.world.entity.LivingEntity
[117月2026 21:27:09.847] [main/DEBUG] [mixin/]: Mixing item.pocketpiston.client.LivingEntityMixin from mixins.artifacts.common.json into net.minecraft.world.entity.LivingEntity
[117月2026 21:27:09.847] [main/DEBUG] [mixin/]: Mixing ability.slipresistance.LivingEntityMixin from mixins.artifacts.neoforge.json into net.minecraft.world.entity.LivingEntity
[117月2026 21:27:09.848] [main/DEBUG] [mixin/]: Mixing PlayerRagdollHiddenMixin from sable_player_ragdoll.neoforge.mixins.json into net.minecraft.world.entity.LivingEntity
[117月2026 21:27:09.849] [main/DEBUG] [mixin/]: Mixing LivingEntityRagdollDamageMixin from sable_player_ragdoll.neoforge.mixins.json into net.minecraft.world.entity.LivingEntity
[117月2026 21:27:09.849] [main/DEBUG] [mixin/]: Mixing LivingEntityPushMixin from nocollide_ragdoll.mixins.json into net.minecraft.world.entity.LivingEntity
[117月2026 21:27:09.850] [main/DEBUG] [mixin/]: Mixing swimming.LivingEntityMixin from expandability-common.mixins.json into net.minecraft.world.entity.LivingEntity
[117月2026 21:27:09.850] [main/DEBUG] [mixin/]: expandability-common.mixins.json:swimming.LivingEntityMixin from mod expandability: Class version 65 required is higher than the class version supported by the current version of Mixin (JAVA_17 supports class version 61)
[117月2026 21:27:09.850] [main/DEBUG] [mixin/]: Mixing swimming.LivingEntityMixin from expandability.mixins.json into net.minecraft.world.entity.LivingEntity
[117月2026 21:27:09.850] [main/DEBUG] [mixin/]: expandability.mixins.json:swimming.LivingEntityMixin from mod expandability: Class version 65 required is higher than the class version supported by the current version of Mixin (JAVA_17 supports class version 61)
[117月2026 21:27:09.868] [main/FATAL] [mixin/]: Mixin apply for mod nocollide_ragdoll failed nocollide_ragdoll.mixins.json:LivingEntityPushMixin from mod nocollide_ragdoll -> net.minecraft.world.entity.LivingEntity: org.spongepowered.asm.mixin.injection.throwables.InvalidInjectionException Critical injection failure: @Inject annotation on ncrLeOnGetBoundingBox could not find any targets matching 'getBoundingBox' in net/minecraft/world/entity/LivingEntity. No refMap loaded. [INJECT_PREPARE Applicator Phase -> nocollide_ragdoll.mixins.json:LivingEntityPushMixin from mod nocollide_ragdoll -> Prepare Injections -> handler$caa000$nocollide_ragdoll$ncrLeOnGetBoundingBox(Lorg/spongepowered/asm/mixin/injection/callback/CallbackInfoReturnable;)V -> Parse ->  -> Validate Targets]
org.spongepowered.asm.mixin.injection.throwables.InvalidInjectionException: Critical injection failure: @Inject annotation on ncrLeOnGetBoundingBox could not find any targets matching 'getBoundingBox' in net/minecraft/world/entity/LivingEntity. No refMap loaded. [INJECT_PREPARE Applicator Phase -> nocollide_ragdoll.mixins.json:LivingEntityPushMixin from mod nocollide_ragdoll -> Prepare Injections -> handler$caa000$nocollide_ragdoll$ncrLeOnGetBoundingBox(Lorg/spongepowered/asm/mixin/injection/callback/CallbackInfoReturnable;)V -> Parse ->  -> Validate Targets]
	at MC-BOOTSTRAP/org.spongepowered.mixin/org.spongepowered.asm.mixin.injection.selectors.TargetSelectors.validate(TargetSelectors.java:346) ~[sponge-mixin-0.15.2+mixin.0.8.7.jar:0.15.2+mixin.0.8.7]
	at MC-BOOTSTRAP/org.spongepowered.mixin/org.spongepowered.asm.mixin.injection.struct.InjectionInfo.readAnnotation(InjectionInfo.java:369) ~[sponge-mixin-0.15.2+mixin.0.8.7.jar:0.15.2+mixin.0.8.7]
	at MC-BOOTSTRAP/org.spongepowered.mixin/org.spongepowered.asm.mixin.injection.struct.InjectionInfo.<init>(InjectionInfo.java:340) ~[sponge-mixin-0.15.2+mixin.0.8.7.jar:0.15.2+mixin.0.8.7]
	at MC-BOOTSTRAP/org.spongepowered.mixin/org.spongepowered.asm.mixin.injection.struct.InjectionInfo.<init>(InjectionInfo.java:331) ~[sponge-mixin-0.15.2+mixin.0.8.7.jar:0.15.2+mixin.0.8.7]
	at MC-BOOTSTRAP/org.spongepowered.mixin/org.spongepowered.asm.mixin.injection.struct.CallbackInjectionInfo.<init>(CallbackInjectionInfo.java:48) ~[sponge-mixin-0.15.2+mixin.0.8.7.jar:0.15.2+mixin.0.8.7]
	at java.base/jdk.internal.reflect.DirectConstructorHandleAccessor.newInstance(DirectConstructorHandleAccessor.java:62) ~[?:?]
	at java.base/java.lang.reflect.Constructor.newInstanceWithCaller(Constructor.java:502) ~[?:?]
	at java.base/java.lang.reflect.Constructor.newInstance(Constructor.java:486) ~[?:?]
	at MC-BOOTSTRAP/org.spongepowered.mixin/org.spongepowered.asm.mixin.injection.struct.InjectionInfo$InjectorEntry.create(InjectionInfo.java:196) ~[sponge-mixin-0.15.2+mixin.0.8.7.jar:0.15.2+mixin.0.8.7]
	at MC-BOOTSTRAP/org.spongepowered.mixin/org.spongepowered.asm.mixin.injection.struct.InjectionInfo.parse(InjectionInfo.java:664) ~[sponge-mixin-0.15.2+mixin.0.8.7.jar:0.15.2+mixin.0.8.7]
	at MC-BOOTSTRAP/org.spongepowered.mixin/org.spongepowered.asm.mixin.transformer.MixinTargetContext.prepareInjections(MixinTargetContext.java:1399) ~[sponge-mixin-0.15.2+mixin.0.8.7.jar:0.15.2+mixin.0.8.7]
	at MC-BOOTSTRAP/org.spongepowered.mixin/org.spongepowered.asm.mixin.transformer.MixinApplicatorStandard.prepareInjections(MixinApplicatorStandard.java:731) ~[sponge-mixin-0.15.2+mixin.0.8.7.jar:0.15.2+mixin.0.8.7]
	at MC-BOOTSTRAP/org.spongepowered.mixin/org.spongepowered.asm.mixin.transformer.MixinApplicatorStandard.applyMixin(MixinApplicatorStandard.java:315) ~[sponge-mixin-0.15.2+mixin.0.8.7.jar:0.15.2+mixin.0.8.7]
	at MC-BOOTSTRAP/org.spongepowered.mixin/org.spongepowered.asm.mixin.transformer.MixinApplicatorStandard.apply(MixinApplicatorStandard.java:246) ~[sponge-mixin-0.15.2+mixin.0.8.7.jar:0.15.2+mixin.0.8.7]
	at MC-BOOTSTRAP/org.spongepowered.mixin/org.spongepowered.asm.mixin.transformer.TargetClassContext.apply(TargetClassContext.java:437) ~[sponge-mixin-0.15.2+mixin.0.8.7.jar:0.15.2+mixin.0.8.7]
	at MC-BOOTSTRAP/org.spongepowered.mixin/org.spongepowered.asm.mixin.transformer.TargetClassContext.applyMixins(TargetClassContext.java:418) ~[sponge-mixin-0.15.2+mixin.0.8.7.jar:0.15.2+mixin.0.8.7]
	at MC-BOOTSTRAP/org.spongepowered.mixin/org.spongepowered.asm.mixin.transformer.MixinProcessor.applyMixins(MixinProcessor.java:363) ~[sponge-mixin-0.15.2+mixin.0.8.7.jar:0.15.2+mixin.0.8.7]
	at MC-BOOTSTRAP/org.spongepowered.mixin/org.spongepowered.asm.mixin.transformer.MixinTransformer.transformClass(MixinTransformer.java:250) ~[sponge-mixin-0.15.2+mixin.0.8.7.jar:0.15.2+mixin.0.8.7]
	at MC-BOOTSTRAP/org.spongepowered.mixin/org.spongepowered.asm.service.modlauncher.MixinTransformationHandler.processClass(MixinTransformationHandler.java:131) ~[sponge-mixin-0.15.2+mixin.0.8.7.jar:0.15.2+mixin.0.8.7]
	at MC-BOOTSTRAP/org.spongepowered.mixin/org.spongepowered.asm.launch.MixinLaunchPluginLegacy.processClass(MixinLaunchPluginLegacy.java:131) ~[sponge-mixin-0.15.2+mixin.0.8.7.jar:0.15.2+mixin.0.8.7]
	at MC-BOOTSTRAP/cpw.mods.modlauncher@11.0.5/cpw.mods.modlauncher.serviceapi.ILaunchPluginService.processClassWithFlags(ILaunchPluginService.java:156) ~[modlauncher-11.0.5.jar:11.0.5+main.901c6ea8]
	at MC-BOOTSTRAP/cpw.mods.modlauncher@11.0.5/cpw.mods.modlauncher.LaunchPluginHandler.offerClassNodeToPlugins(LaunchPluginHandler.java:94) ~[modlauncher-11.0.5.jar:?]
	at MC-BOOTSTRAP/cpw.mods.modlauncher@11.0.5/cpw.mods.modlauncher.ClassTransformer.transform(ClassTransformer.java:120) ~[modlauncher-11.0.5.jar:?]
	at MC-BOOTSTRAP/cpw.mods.modlauncher@11.0.5/cpw.mods.modlauncher.TransformingClassLoader.maybeTransformClassBytes(TransformingClassLoader.java:57) ~[modlauncher-11.0.5.jar:?]
	at cpw.mods.securejarhandler/cpw.mods.cl.ModuleClassLoader.readerToClass(ModuleClassLoader.java:190) ~[securejarhandler-3.0.8.jar:?]
	at cpw.mods.securejarhandler/cpw.mods.cl.ModuleClassLoader.lambda$findClass$20(ModuleClassLoader.java:298) ~[securejarhandler-3.0.8.jar:?]
	at cpw.mods.securejarhandler/cpw.mods.cl.ModuleClassLoader.loadFromModule(ModuleClassLoader.java:311) ~[securejarhandler-3.0.8.jar:?]
	at cpw.mods.securejarhandler/cpw.mods.cl.ModuleClassLoader.findClass(ModuleClassLoader.java:298) ~[securejarhandler-3.0.8.jar:?]
	at cpw.mods.securejarhandler/cpw.mods.cl.ModuleClassLoader.loadClass(ModuleClassLoader.java:214) ~[securejarhandler-3.0.8.jar:?]
	at java.base/java.lang.ClassLoader.loadClass(ClassLoader.java:526) ~[?:?]
	at java.base/java.lang.ClassLoader.defineClass1(Native Method) ~[?:?]
	at java.base/java.lang.ClassLoader.defineClass(ClassLoader.java:1027) ~[?:?]
	at cpw.mods.securejarhandler/cpw.mods.cl.ModuleClassLoader.readerToClass(ModuleClassLoader.java:196) ~[securejarhandler-3.0.8.jar:?]
	at cpw.mods.securejarhandler/cpw.mods.cl.ModuleClassLoader.lambda$findClass$20(ModuleClassLoader.java:298) ~[securejarhandler-3.0.8.jar:?]
	at cpw.mods.securejarhandler/cpw.mods.cl.ModuleClassLoader.loadFromModule(ModuleClassLoader.java:311) ~[securejarhandler-3.0.8.jar:?]
	at cpw.mods.securejarhandler/cpw.mods.cl.ModuleClassLoader.findClass(ModuleClassLoader.java:298) ~[securejarhandler-3.0.8.jar:?]
	at cpw.mods.securejarhandler/cpw.mods.cl.ModuleClassLoader.loadClass(ModuleClassLoader.java:214) ~[securejarhandler-3.0.8.jar:?]
	at java.base/java.lang.ClassLoader.loadClass(ClassLoader.java:526) ~[?:?]
	at TRANSFORMER/minecraft@1.21.1/net.minecraft.client.main.Main.main(Main.java:189) ~[client-1.21.1-20240808.144430-srg.jar%23205!/:?]
	at java.base/jdk.internal.reflect.DirectMethodHandleAccessor.invoke(DirectMethodHandleAccessor.java:103) ~[?:?]
	at java.base/java.lang.reflect.Method.invoke(Method.java:580) ~[?:?]
	at MC-BOOTSTRAP/fml_loader@4.0.42/net.neoforged.fml.loading.targets.CommonLaunchHandler.runTarget(CommonLaunchHandler.java:136) ~[loader-4.0.42.jar%23107!/:4.0]
	at MC-BOOTSTRAP/fml_loader@4.0.42/net.neoforged.fml.loading.targets.CommonLaunchHandler.clientService(CommonLaunchHandler.java:124) ~[loader-4.0.42.jar%23107!/:4.0]
	at MC-BOOTSTRAP/fml_loader@4.0.42/net.neoforged.fml.loading.targets.CommonClientLaunchHandler.runService(CommonClientLaunchHandler.java:32) ~[loader-4.0.42.jar%23107!/:4.0]
	at MC-BOOTSTRAP/fml_loader@4.0.42/net.neoforged.fml.loading.targets.CommonLaunchHandler.lambda$launchService$4(CommonLaunchHandler.java:118) ~[loader-4.0.42.jar%23107!/:4.0]
	at MC-BOOTSTRAP/cpw.mods.modlauncher@11.0.5/cpw.mods.modlauncher.LaunchServiceHandlerDecorator.launch(LaunchServiceHandlerDecorator.java:30) [modlauncher-11.0.5.jar%23112!/:?]
	at MC-BOOTSTRAP/cpw.mods.modlauncher@11.0.5/cpw.mods.modlauncher.LaunchServiceHandler.launch(LaunchServiceHandler.java:53) [modlauncher-11.0.5.jar%23112!/:?]
	at MC-BOOTSTRAP/cpw.mods.modlauncher@11.0.5/cpw.mods.modlauncher.LaunchServiceHandler.launch(LaunchServiceHandler.java:71) [modlauncher-11.0.5.jar%23112!/:?]
	at MC-BOOTSTRAP/cpw.mods.modlauncher@11.0.5/cpw.mods.modlauncher.Launcher.run(Launcher.java:103) [modlauncher-11.0.5.jar%23112!/:?]
	at MC-BOOTSTRAP/cpw.mods.modlauncher@11.0.5/cpw.mods.modlauncher.Launcher.main(Launcher.java:74) [modlauncher-11.0.5.jar%23112!/:?]
	at MC-BOOTSTRAP/cpw.mods.modlauncher@11.0.5/cpw.mods.modlauncher.BootstrapLaunchConsumer.accept(BootstrapLaunchConsumer.java:26) [modlauncher-11.0.5.jar%23112!/:?]
	at MC-BOOTSTRAP/cpw.mods.modlauncher@11.0.5/cpw.mods.modlauncher.BootstrapLaunchConsumer.accept(BootstrapLaunchConsumer.java:23) [modlauncher-11.0.5.jar%23112!/:?]
	at cpw.mods.bootstraplauncher@2.0.2/cpw.mods.bootstraplauncher.BootstrapLauncher.run(BootstrapLauncher.java:210) [bootstraplauncher-2.0.2.jar:?]
	at cpw.mods.bootstraplauncher@2.0.2/cpw.mods.bootstraplauncher.BootstrapLauncher.main(BootstrapLauncher.java:69) [bootstraplauncher-2.0.2.jar:?]
